{"/Volumes/Azkaban/IT/RS_new-folder/ReactStage/firstReact/src/app/App.tsx": {"path":"/Volumes/Azkaban/IT/RS_new-folder/ReactStage/firstReact/src/app/App.tsx","all":false,"statementMap":{"0":{"start":{"line":1,"column":0},"end":{"line":1,"column":34}},"1":{"start":{"line":2,"column":0},"end":{"line":2,"column":49}},"2":{"start":{"line":3,"column":0},"end":{"line":3,"column":49}},"3":{"start":{"line":4,"column":0},"end":{"line":4,"column":38}},"4":{"start":{"line":5,"column":0},"end":{"line":5,"column":38}},"5":{"start":{"line":6,"column":0},"end":{"line":6,"column":0}},"6":{"start":{"line":7,"column":0},"end":{"line":7,"column":29}},"7":{"start":{"line":8,"column":0},"end":{"line":8,"column":12}},"8":{"start":{"line":9,"column":0},"end":{"line":9,"column":12}},"9":{"start":{"line":10,"column":0},"end":{"line":10,"column":38}},"10":{"start":{"line":11,"column":0},"end":{"line":11,"column":18}},"11":{"start":{"line":12,"column":0},"end":{"line":12,"column":38}},"12":{"start":{"line":13,"column":0},"end":{"line":13,"column":20}},"13":{"start":{"line":14,"column":0},"end":{"line":14,"column":15}},"14":{"start":{"line":15,"column":0},"end":{"line":15,"column":18}},"15":{"start":{"line":16,"column":0},"end":{"line":16,"column":12}},"16":{"start":{"line":17,"column":0},"end":{"line":17,"column":6}},"17":{"start":{"line":18,"column":0},"end":{"line":18,"column":3}},"18":{"start":{"line":19,"column":0},"end":{"line":19,"column":1}},"19":{"start":{"line":20,"column":0},"end":{"line":20,"column":19}}},"s":{"0":1,"1":1,"2":1,"3":1,"4":1,"5":1,"6":1,"7":1,"8":1,"9":1,"10":1,"11":1,"12":1,"13":1,"14":1,"15":1,"16":1,"17":1,"18":1,"19":1},"branchMap":{"0":{"type":"branch","line":8,"loc":{"start":{"line":8,"column":2},"end":{"line":18,"column":3}},"locations":[{"start":{"line":8,"column":2},"end":{"line":18,"column":3}}]}},"b":{"0":[1]},"fnMap":{"0":{"name":"render","decl":{"start":{"line":8,"column":2},"end":{"line":18,"column":3}},"loc":{"start":{"line":8,"column":2},"end":{"line":18,"column":3}},"line":8}},"f":{"0":1}}
,"/Volumes/Azkaban/IT/RS_new-folder/ReactStage/firstReact/src/components/UI/UILoading/Loading.tsx": {"path":"/Volumes/Azkaban/IT/RS_new-folder/ReactStage/firstReact/src/components/UI/UILoading/Loading.tsx","all":false,"statementMap":{"0":{"start":{"line":1,"column":0},"end":{"line":1,"column":49}},"1":{"start":{"line":2,"column":0},"end":{"line":2,"column":0}},"2":{"start":{"line":3,"column":0},"end":{"line":3,"column":33}},"3":{"start":{"line":4,"column":0},"end":{"line":4,"column":51}},"4":{"start":{"line":5,"column":0},"end":{"line":5,"column":1}},"5":{"start":{"line":6,"column":0},"end":{"line":6,"column":0}},"6":{"start":{"line":7,"column":0},"end":{"line":7,"column":23}}},"s":{"0":1,"1":1,"2":0,"3":0,"4":0,"5":1,"6":1},"branchMap":{},"b":{},"fnMap":{"0":{"name":"Loading","decl":{"start":{"line":3,"column":0},"end":{"line":5,"column":1}},"loc":{"start":{"line":3,"column":0},"end":{"line":5,"column":1}},"line":3}},"f":{"0":0}}
,"/Volumes/Azkaban/IT/RS_new-folder/ReactStage/firstReact/src/components/card/Card.tsx": {"path":"/Volumes/Azkaban/IT/RS_new-folder/ReactStage/firstReact/src/components/card/Card.tsx","all":false,"statementMap":{"0":{"start":{"line":1,"column":0},"end":{"line":1,"column":39}},"1":{"start":{"line":2,"column":0},"end":{"line":2,"column":50}},"2":{"start":{"line":3,"column":0},"end":{"line":3,"column":68}},"3":{"start":{"line":4,"column":0},"end":{"line":4,"column":0}},"4":{"start":{"line":5,"column":0},"end":{"line":5,"column":17}},"5":{"start":{"line":6,"column":0},"end":{"line":6,"column":15}},"6":{"start":{"line":7,"column":0},"end":{"line":7,"column":14}},"7":{"start":{"line":8,"column":0},"end":{"line":8,"column":17}},"8":{"start":{"line":9,"column":0},"end":{"line":9,"column":20}},"9":{"start":{"line":10,"column":0},"end":{"line":10,"column":21}},"10":{"start":{"line":11,"column":0},"end":{"line":11,"column":20}},"11":{"start":{"line":12,"column":0},"end":{"line":12,"column":13}},"12":{"start":{"line":13,"column":0},"end":{"line":13,"column":36}},"13":{"start":{"line":14,"column":0},"end":{"line":14,"column":1}},"14":{"start":{"line":15,"column":0},"end":{"line":15,"column":0}},"15":{"start":{"line":16,"column":0},"end":{"line":16,"column":15}},"16":{"start":{"line":17,"column":0},"end":{"line":17,"column":7}},"17":{"start":{"line":18,"column":0},"end":{"line":18,"column":6}},"18":{"start":{"line":19,"column":0},"end":{"line":19,"column":9}},"19":{"start":{"line":20,"column":0},"end":{"line":20,"column":12}},"20":{"start":{"line":21,"column":0},"end":{"line":21,"column":13}},"21":{"start":{"line":22,"column":0},"end":{"line":22,"column":11}},"22":{"start":{"line":23,"column":0},"end":{"line":23,"column":5}},"23":{"start":{"line":24,"column":0},"end":{"line":24,"column":14}},"24":{"start":{"line":25,"column":0},"end":{"line":25,"column":11}},"25":{"start":{"line":26,"column":0},"end":{"line":26,"column":28}},"26":{"start":{"line":27,"column":0},"end":{"line":27,"column":38}},"27":{"start":{"line":28,"column":0},"end":{"line":28,"column":21}},"28":{"start":{"line":29,"column":0},"end":{"line":29,"column":0}},"29":{"start":{"line":30,"column":0},"end":{"line":30,"column":29}},"30":{"start":{"line":31,"column":0},"end":{"line":31,"column":33}},"31":{"start":{"line":32,"column":0},"end":{"line":32,"column":4}},"32":{"start":{"line":33,"column":0},"end":{"line":33,"column":0}},"33":{"start":{"line":34,"column":0},"end":{"line":34,"column":25}},"34":{"start":{"line":35,"column":0},"end":{"line":35,"column":21}},"35":{"start":{"line":36,"column":0},"end":{"line":36,"column":72}},"36":{"start":{"line":37,"column":0},"end":{"line":37,"column":0}},"37":{"start":{"line":38,"column":0},"end":{"line":38,"column":10}},"38":{"start":{"line":39,"column":0},"end":{"line":39,"column":7}},"39":{"start":{"line":40,"column":0},"end":{"line":40,"column":36}},"40":{"start":{"line":41,"column":0},"end":{"line":41,"column":16}},"41":{"start":{"line":42,"column":0},"end":{"line":42,"column":27}},"42":{"start":{"line":43,"column":0},"end":{"line":43,"column":25}},"43":{"start":{"line":44,"column":0},"end":{"line":44,"column":5}},"44":{"start":{"line":45,"column":0},"end":{"line":45,"column":69}},"45":{"start":{"line":46,"column":0},"end":{"line":46,"column":11}},"46":{"start":{"line":47,"column":0},"end":{"line":47,"column":23}},"47":{"start":{"line":48,"column":0},"end":{"line":48,"column":0}},"48":{"start":{"line":49,"column":0},"end":{"line":49,"column":44}},"49":{"start":{"line":50,"column":0},"end":{"line":50,"column":39}},"50":{"start":{"line":51,"column":0},"end":{"line":51,"column":33}},"51":{"start":{"line":52,"column":0},"end":{"line":52,"column":12}},"52":{"start":{"line":53,"column":0},"end":{"line":53,"column":9}},"53":{"start":{"line":54,"column":0},"end":{"line":54,"column":4}},"54":{"start":{"line":55,"column":0},"end":{"line":55,"column":1}},"55":{"start":{"line":56,"column":0},"end":{"line":56,"column":0}},"56":{"start":{"line":57,"column":0},"end":{"line":57,"column":20}}},"s":{"0":1,"1":1,"2":1,"3":1,"4":1,"5":1,"6":1,"7":1,"8":1,"9":1,"10":1,"11":1,"12":1,"13":1,"14":1,"15":1,"16":1,"17":1,"18":1,"19":1,"20":1,"21":1,"22":1,"23":1,"24":1,"25":1,"26":0,"27":1,"28":1,"29":1,"30":0,"31":0,"32":1,"33":1,"34":1,"35":0,"36":1,"37":1,"38":1,"39":1,"40":1,"41":1,"42":1,"43":1,"44":1,"45":1,"46":1,"47":1,"48":1,"49":1,"50":1,"51":1,"52":1,"53":1,"54":1,"55":1,"56":1},"branchMap":{"0":{"type":"branch","line":16,"loc":{"start":{"line":16,"column":0},"end":{"line":55,"column":1}},"locations":[{"start":{"line":16,"column":0},"end":{"line":55,"column":1}}]},"1":{"type":"branch","line":26,"loc":{"start":{"line":26,"column":20},"end":{"line":27,"column":38}},"locations":[{"start":{"line":26,"column":20},"end":{"line":27,"column":38}}]},"2":{"type":"branch","line":35,"loc":{"start":{"line":35,"column":7},"end":{"line":36,"column":72}},"locations":[{"start":{"line":35,"column":7},"end":{"line":36,"column":72}}]}},"b":{"0":[1],"1":[0],"2":[0]},"fnMap":{"0":{"name":"Card","decl":{"start":{"line":16,"column":0},"end":{"line":55,"column":1}},"loc":{"start":{"line":16,"column":0},"end":{"line":55,"column":1}},"line":16},"1":{"name":"handleClick","decl":{"start":{"line":30,"column":22},"end":{"line":32,"column":4}},"loc":{"start":{"line":30,"column":22},"end":{"line":32,"column":4}},"line":30}},"f":{"0":1,"1":0}}
,"/Volumes/Azkaban/IT/RS_new-folder/ReactStage/firstReact/src/components/card/CardExtended.tsx": {"path":"/Volumes/Azkaban/IT/RS_new-folder/ReactStage/firstReact/src/components/card/CardExtended.tsx","all":false,"statementMap":{"0":{"start":{"line":1,"column":0},"end":{"line":1,"column":57}},"1":{"start":{"line":2,"column":0},"end":{"line":2,"column":47}},"2":{"start":{"line":3,"column":0},"end":{"line":3,"column":51}},"3":{"start":{"line":4,"column":0},"end":{"line":4,"column":68}},"4":{"start":{"line":5,"column":0},"end":{"line":5,"column":50}},"5":{"start":{"line":6,"column":0},"end":{"line":6,"column":0}},"6":{"start":{"line":7,"column":0},"end":{"line":7,"column":18}},"7":{"start":{"line":8,"column":0},"end":{"line":8,"column":18}},"8":{"start":{"line":9,"column":0},"end":{"line":9,"column":26}},"9":{"start":{"line":10,"column":0},"end":{"line":10,"column":37}},"10":{"start":{"line":11,"column":0},"end":{"line":11,"column":1}},"11":{"start":{"line":12,"column":0},"end":{"line":12,"column":0}},"12":{"start":{"line":13,"column":0},"end":{"line":13,"column":77}},"13":{"start":{"line":14,"column":0},"end":{"line":14,"column":9}},"14":{"start":{"line":15,"column":0},"end":{"line":15,"column":9}},"15":{"start":{"line":16,"column":0},"end":{"line":16,"column":11}},"16":{"start":{"line":17,"column":0},"end":{"line":17,"column":9}},"17":{"start":{"line":18,"column":0},"end":{"line":18,"column":15}},"18":{"start":{"line":19,"column":0},"end":{"line":19,"column":15}},"19":{"start":{"line":20,"column":0},"end":{"line":20,"column":14}},"20":{"start":{"line":21,"column":0},"end":{"line":21,"column":15}},"21":{"start":{"line":22,"column":0},"end":{"line":22,"column":11}},"22":{"start":{"line":23,"column":0},"end":{"line":23,"column":7}},"23":{"start":{"line":24,"column":0},"end":{"line":24,"column":8}},"24":{"start":{"line":25,"column":0},"end":{"line":25,"column":13}},"25":{"start":{"line":26,"column":0},"end":{"line":26,"column":24}},"26":{"start":{"line":27,"column":0},"end":{"line":27,"column":0}},"27":{"start":{"line":28,"column":0},"end":{"line":28,"column":25}},"28":{"start":{"line":29,"column":0},"end":{"line":29,"column":21}},"29":{"start":{"line":30,"column":0},"end":{"line":30,"column":72}},"30":{"start":{"line":31,"column":0},"end":{"line":31,"column":0}},"31":{"start":{"line":32,"column":0},"end":{"line":32,"column":10}},"32":{"start":{"line":33,"column":0},"end":{"line":33,"column":54}},"33":{"start":{"line":34,"column":0},"end":{"line":34,"column":52}},"34":{"start":{"line":35,"column":0},"end":{"line":35,"column":0}},"35":{"start":{"line":36,"column":0},"end":{"line":36,"column":42}},"36":{"start":{"line":37,"column":0},"end":{"line":37,"column":74}},"37":{"start":{"line":38,"column":0},"end":{"line":38,"column":41}},"38":{"start":{"line":39,"column":0},"end":{"line":39,"column":14}},"39":{"start":{"line":40,"column":0},"end":{"line":40,"column":0}},"40":{"start":{"line":41,"column":0},"end":{"line":41,"column":12}},"41":{"start":{"line":42,"column":0},"end":{"line":42,"column":21}},"42":{"start":{"line":43,"column":0},"end":{"line":43,"column":72}},"43":{"start":{"line":44,"column":0},"end":{"line":44,"column":11}},"44":{"start":{"line":45,"column":0},"end":{"line":45,"column":9}},"45":{"start":{"line":46,"column":0},"end":{"line":46,"column":31}},"46":{"start":{"line":47,"column":0},"end":{"line":47,"column":58}},"47":{"start":{"line":48,"column":0},"end":{"line":48,"column":70}},"48":{"start":{"line":49,"column":0},"end":{"line":49,"column":49}},"49":{"start":{"line":50,"column":0},"end":{"line":50,"column":56}},"50":{"start":{"line":51,"column":0},"end":{"line":51,"column":50}},"51":{"start":{"line":52,"column":0},"end":{"line":52,"column":61}},"52":{"start":{"line":53,"column":0},"end":{"line":53,"column":61}},"53":{"start":{"line":54,"column":0},"end":{"line":54,"column":58}},"54":{"start":{"line":55,"column":0},"end":{"line":55,"column":64}},"55":{"start":{"line":56,"column":0},"end":{"line":56,"column":15}},"56":{"start":{"line":57,"column":0},"end":{"line":57,"column":14}},"57":{"start":{"line":58,"column":0},"end":{"line":58,"column":0}},"58":{"start":{"line":59,"column":0},"end":{"line":59,"column":45}},"59":{"start":{"line":60,"column":0},"end":{"line":60,"column":25}},"60":{"start":{"line":61,"column":0},"end":{"line":61,"column":52}},"61":{"start":{"line":62,"column":0},"end":{"line":62,"column":52}},"62":{"start":{"line":63,"column":0},"end":{"line":63,"column":29}},"63":{"start":{"line":64,"column":0},"end":{"line":64,"column":33}},"64":{"start":{"line":65,"column":0},"end":{"line":65,"column":53}},"65":{"start":{"line":66,"column":0},"end":{"line":66,"column":18}},"66":{"start":{"line":67,"column":0},"end":{"line":67,"column":37}},"67":{"start":{"line":68,"column":0},"end":{"line":68,"column":26}},"68":{"start":{"line":69,"column":0},"end":{"line":69,"column":48}},"69":{"start":{"line":70,"column":0},"end":{"line":70,"column":59}},"70":{"start":{"line":71,"column":0},"end":{"line":71,"column":51}},"71":{"start":{"line":72,"column":0},"end":{"line":72,"column":25}},"72":{"start":{"line":73,"column":0},"end":{"line":73,"column":20}},"73":{"start":{"line":74,"column":0},"end":{"line":74,"column":18}},"74":{"start":{"line":75,"column":0},"end":{"line":75,"column":17}},"75":{"start":{"line":76,"column":0},"end":{"line":76,"column":44}},"76":{"start":{"line":77,"column":0},"end":{"line":77,"column":14}},"77":{"start":{"line":78,"column":0},"end":{"line":78,"column":15}},"78":{"start":{"line":79,"column":0},"end":{"line":79,"column":14}},"79":{"start":{"line":80,"column":0},"end":{"line":80,"column":12}},"80":{"start":{"line":81,"column":0},"end":{"line":81,"column":10}},"81":{"start":{"line":82,"column":0},"end":{"line":82,"column":4}},"82":{"start":{"line":83,"column":0},"end":{"line":83,"column":1}},"83":{"start":{"line":84,"column":0},"end":{"line":84,"column":0}},"84":{"start":{"line":85,"column":0},"end":{"line":85,"column":28}}},"s":{"0":1,"1":1,"2":1,"3":1,"4":1,"5":1,"6":1,"7":1,"8":1,"9":1,"10":1,"11":1,"12":0,"13":0,"14":0,"15":0,"16":0,"17":0,"18":0,"19":0,"20":0,"21":0,"22":0,"23":0,"24":0,"25":0,"26":0,"27":0,"28":0,"29":0,"30":0,"31":0,"32":0,"33":0,"34":0,"35":0,"36":0,"37":0,"38":0,"39":0,"40":0,"41":0,"42":0,"43":0,"44":0,"45":0,"46":0,"47":0,"48":0,"49":0,"50":0,"51":0,"52":0,"53":0,"54":0,"55":0,"56":0,"57":0,"58":0,"59":0,"60":0,"61":0,"62":0,"63":0,"64":0,"65":0,"66":0,"67":0,"68":0,"69":0,"70":0,"71":0,"72":0,"73":0,"74":0,"75":0,"76":0,"77":0,"78":0,"79":0,"80":0,"81":0,"82":0,"83":1,"84":1},"branchMap":{},"b":{},"fnMap":{"0":{"name":"CardExtended","decl":{"start":{"line":13,"column":0},"end":{"line":83,"column":1}},"loc":{"start":{"line":13,"column":0},"end":{"line":83,"column":1}},"line":13}},"f":{"0":0}}
,"/Volumes/Azkaban/IT/RS_new-folder/ReactStage/firstReact/src/components/footer/Footer.tsx": {"path":"/Volumes/Azkaban/IT/RS_new-folder/ReactStage/firstReact/src/components/footer/Footer.tsx","all":false,"statementMap":{"0":{"start":{"line":1,"column":0},"end":{"line":1,"column":40}},"1":{"start":{"line":2,"column":0},"end":{"line":2,"column":36}},"2":{"start":{"line":3,"column":0},"end":{"line":3,"column":38}},"3":{"start":{"line":4,"column":0},"end":{"line":4,"column":0}},"4":{"start":{"line":5,"column":0},"end":{"line":5,"column":19}},"5":{"start":{"line":6,"column":0},"end":{"line":6,"column":10}},"6":{"start":{"line":7,"column":0},"end":{"line":7,"column":37}},"7":{"start":{"line":8,"column":0},"end":{"line":8,"column":17}},"8":{"start":{"line":9,"column":0},"end":{"line":9,"column":16}},"9":{"start":{"line":10,"column":0},"end":{"line":10,"column":13}},"10":{"start":{"line":11,"column":0},"end":{"line":11,"column":4}},"11":{"start":{"line":12,"column":0},"end":{"line":12,"column":1}},"12":{"start":{"line":13,"column":0},"end":{"line":13,"column":22}}},"s":{"0":1,"1":1,"2":1,"3":1,"4":1,"5":1,"6":1,"7":1,"8":1,"9":1,"10":1,"11":1,"12":1},"branchMap":{"0":{"type":"branch","line":5,"loc":{"start":{"line":5,"column":0},"end":{"line":12,"column":1}},"locations":[{"start":{"line":5,"column":0},"end":{"line":12,"column":1}}]}},"b":{"0":[1]},"fnMap":{"0":{"name":"Footer","decl":{"start":{"line":5,"column":0},"end":{"line":12,"column":1}},"loc":{"start":{"line":5,"column":0},"end":{"line":12,"column":1}},"line":5}},"f":{"0":1}}
,"/Volumes/Azkaban/IT/RS_new-folder/ReactStage/firstReact/src/components/form/Form.tsx": {"path":"/Volumes/Azkaban/IT/RS_new-folder/ReactStage/firstReact/src/components/form/Form.tsx","all":false,"statementMap":{"0":{"start":{"line":1,"column":0},"end":{"line":1,"column":49}},"1":{"start":{"line":2,"column":0},"end":{"line":2,"column":29}},"2":{"start":{"line":3,"column":0},"end":{"line":3,"column":42}},"3":{"start":{"line":4,"column":0},"end":{"line":4,"column":44}},"4":{"start":{"line":5,"column":0},"end":{"line":5,"column":55}},"5":{"start":{"line":6,"column":0},"end":{"line":6,"column":39}},"6":{"start":{"line":7,"column":0},"end":{"line":7,"column":55}},"7":{"start":{"line":8,"column":0},"end":{"line":8,"column":8}},"8":{"start":{"line":9,"column":0},"end":{"line":9,"column":14}},"9":{"start":{"line":10,"column":0},"end":{"line":10,"column":11}},"10":{"start":{"line":11,"column":0},"end":{"line":11,"column":12}},"11":{"start":{"line":12,"column":0},"end":{"line":12,"column":15}},"12":{"start":{"line":13,"column":0},"end":{"line":13,"column":11}},"13":{"start":{"line":14,"column":0},"end":{"line":14,"column":14}},"14":{"start":{"line":15,"column":0},"end":{"line":15,"column":16}},"15":{"start":{"line":16,"column":0},"end":{"line":16,"column":18}},"16":{"start":{"line":17,"column":0},"end":{"line":17,"column":31}},"17":{"start":{"line":18,"column":0},"end":{"line":18,"column":43}},"18":{"start":{"line":19,"column":0},"end":{"line":19,"column":40}},"19":{"start":{"line":20,"column":0},"end":{"line":20,"column":0}},"20":{"start":{"line":21,"column":0},"end":{"line":21,"column":17}},"21":{"start":{"line":22,"column":0},"end":{"line":22,"column":9}},"22":{"start":{"line":23,"column":0},"end":{"line":23,"column":13}},"23":{"start":{"line":24,"column":0},"end":{"line":24,"column":17}},"24":{"start":{"line":25,"column":0},"end":{"line":25,"column":26}},"25":{"start":{"line":26,"column":0},"end":{"line":26,"column":10}},"26":{"start":{"line":27,"column":0},"end":{"line":27,"column":10}},"27":{"start":{"line":28,"column":0},"end":{"line":28,"column":13}},"28":{"start":{"line":29,"column":0},"end":{"line":29,"column":15}},"29":{"start":{"line":30,"column":0},"end":{"line":30,"column":21}},"30":{"start":{"line":31,"column":0},"end":{"line":31,"column":32}},"31":{"start":{"line":32,"column":0},"end":{"line":32,"column":5}},"32":{"start":{"line":33,"column":0},"end":{"line":33,"column":0}},"33":{"start":{"line":34,"column":0},"end":{"line":34,"column":57}},"34":{"start":{"line":35,"column":0},"end":{"line":35,"column":59}},"35":{"start":{"line":36,"column":0},"end":{"line":36,"column":36}},"36":{"start":{"line":37,"column":0},"end":{"line":37,"column":49}},"37":{"start":{"line":38,"column":0},"end":{"line":38,"column":4}},"38":{"start":{"line":39,"column":0},"end":{"line":39,"column":0}},"39":{"start":{"line":40,"column":0},"end":{"line":40,"column":33}},"40":{"start":{"line":41,"column":0},"end":{"line":41,"column":0}},"41":{"start":{"line":42,"column":0},"end":{"line":42,"column":28}},"42":{"start":{"line":43,"column":0},"end":{"line":43,"column":46}},"43":{"start":{"line":44,"column":0},"end":{"line":44,"column":14}},"44":{"start":{"line":45,"column":0},"end":{"line":45,"column":29}},"45":{"start":{"line":46,"column":0},"end":{"line":46,"column":41}},"46":{"start":{"line":47,"column":0},"end":{"line":47,"column":35}},"47":{"start":{"line":48,"column":0},"end":{"line":48,"column":42}},"48":{"start":{"line":49,"column":0},"end":{"line":49,"column":37}},"49":{"start":{"line":50,"column":0},"end":{"line":50,"column":33}},"50":{"start":{"line":51,"column":0},"end":{"line":51,"column":53}},"51":{"start":{"line":52,"column":0},"end":{"line":52,"column":33}},"52":{"start":{"line":53,"column":0},"end":{"line":53,"column":8}},"53":{"start":{"line":54,"column":0},"end":{"line":54,"column":5}},"54":{"start":{"line":55,"column":0},"end":{"line":55,"column":4}},"55":{"start":{"line":56,"column":0},"end":{"line":56,"column":0}},"56":{"start":{"line":57,"column":0},"end":{"line":57,"column":34}},"57":{"start":{"line":58,"column":0},"end":{"line":58,"column":28}},"58":{"start":{"line":59,"column":0},"end":{"line":59,"column":32}},"59":{"start":{"line":60,"column":0},"end":{"line":60,"column":29}},"60":{"start":{"line":61,"column":0},"end":{"line":61,"column":32}},"61":{"start":{"line":62,"column":0},"end":{"line":62,"column":29}},"62":{"start":{"line":63,"column":0},"end":{"line":63,"column":35}},"63":{"start":{"line":64,"column":0},"end":{"line":64,"column":21}},"64":{"start":{"line":65,"column":0},"end":{"line":65,"column":33}},"65":{"start":{"line":66,"column":0},"end":{"line":66,"column":42}},"66":{"start":{"line":67,"column":0},"end":{"line":67,"column":6}},"67":{"start":{"line":68,"column":0},"end":{"line":68,"column":41}},"68":{"start":{"line":69,"column":0},"end":{"line":69,"column":4}},"69":{"start":{"line":70,"column":0},"end":{"line":70,"column":0}},"70":{"start":{"line":71,"column":0},"end":{"line":71,"column":25}},"71":{"start":{"line":72,"column":0},"end":{"line":72,"column":0}},"72":{"start":{"line":73,"column":0},"end":{"line":73,"column":19}},"73":{"start":{"line":74,"column":0},"end":{"line":74,"column":43}},"74":{"start":{"line":75,"column":0},"end":{"line":75,"column":24}},"75":{"start":{"line":76,"column":0},"end":{"line":76,"column":0}},"76":{"start":{"line":77,"column":0},"end":{"line":77,"column":19}},"77":{"start":{"line":78,"column":0},"end":{"line":78,"column":37}},"78":{"start":{"line":79,"column":0},"end":{"line":79,"column":21}},"79":{"start":{"line":80,"column":0},"end":{"line":80,"column":0}},"80":{"start":{"line":81,"column":0},"end":{"line":81,"column":19}},"81":{"start":{"line":82,"column":0},"end":{"line":82,"column":39}},"82":{"start":{"line":83,"column":0},"end":{"line":83,"column":22}},"83":{"start":{"line":84,"column":0},"end":{"line":84,"column":0}},"84":{"start":{"line":85,"column":0},"end":{"line":85,"column":19}},"85":{"start":{"line":86,"column":0},"end":{"line":86,"column":45}},"86":{"start":{"line":87,"column":0},"end":{"line":87,"column":25}},"87":{"start":{"line":88,"column":0},"end":{"line":88,"column":0}},"88":{"start":{"line":89,"column":0},"end":{"line":89,"column":19}},"89":{"start":{"line":90,"column":0},"end":{"line":90,"column":34}},"90":{"start":{"line":91,"column":0},"end":{"line":91,"column":18}},"91":{"start":{"line":92,"column":0},"end":{"line":92,"column":0}},"92":{"start":{"line":93,"column":0},"end":{"line":93,"column":19}},"93":{"start":{"line":94,"column":0},"end":{"line":94,"column":43}},"94":{"start":{"line":95,"column":0},"end":{"line":95,"column":24}},"95":{"start":{"line":96,"column":0},"end":{"line":96,"column":0}},"96":{"start":{"line":97,"column":0},"end":{"line":97,"column":19}},"97":{"start":{"line":98,"column":0},"end":{"line":98,"column":44}},"98":{"start":{"line":99,"column":0},"end":{"line":99,"column":23}},"99":{"start":{"line":100,"column":0},"end":{"line":100,"column":0}},"100":{"start":{"line":101,"column":0},"end":{"line":101,"column":19}},"101":{"start":{"line":102,"column":0},"end":{"line":102,"column":49}},"102":{"start":{"line":103,"column":0},"end":{"line":103,"column":43}},"103":{"start":{"line":104,"column":0},"end":{"line":104,"column":45}},"104":{"start":{"line":105,"column":0},"end":{"line":105,"column":51}},"105":{"start":{"line":106,"column":0},"end":{"line":106,"column":43}},"106":{"start":{"line":107,"column":0},"end":{"line":107,"column":49}},"107":{"start":{"line":108,"column":0},"end":{"line":108,"column":53}},"108":{"start":{"line":109,"column":0},"end":{"line":109,"column":9}},"109":{"start":{"line":110,"column":0},"end":{"line":110,"column":0}},"110":{"start":{"line":111,"column":0},"end":{"line":111,"column":34}},"111":{"start":{"line":112,"column":0},"end":{"line":112,"column":23}},"112":{"start":{"line":113,"column":0},"end":{"line":113,"column":49}},"113":{"start":{"line":114,"column":0},"end":{"line":114,"column":12}},"114":{"start":{"line":115,"column":0},"end":{"line":115,"column":4}},"115":{"start":{"line":116,"column":0},"end":{"line":116,"column":0}},"116":{"start":{"line":117,"column":0},"end":{"line":117,"column":10}},"117":{"start":{"line":118,"column":0},"end":{"line":118,"column":9}},"118":{"start":{"line":119,"column":0},"end":{"line":119,"column":36}},"119":{"start":{"line":120,"column":0},"end":{"line":120,"column":47}},"120":{"start":{"line":121,"column":0},"end":{"line":121,"column":5}},"121":{"start":{"line":122,"column":0},"end":{"line":122,"column":64}},"122":{"start":{"line":123,"column":0},"end":{"line":123,"column":60}},"123":{"start":{"line":124,"column":0},"end":{"line":124,"column":13}},"124":{"start":{"line":125,"column":0},"end":{"line":125,"column":14}},"125":{"start":{"line":126,"column":0},"end":{"line":126,"column":36}},"126":{"start":{"line":127,"column":0},"end":{"line":127,"column":47}},"127":{"start":{"line":128,"column":0},"end":{"line":128,"column":24}},"128":{"start":{"line":129,"column":0},"end":{"line":129,"column":23}},"129":{"start":{"line":130,"column":0},"end":{"line":130,"column":48}},"130":{"start":{"line":131,"column":0},"end":{"line":131,"column":14}},"131":{"start":{"line":132,"column":0},"end":{"line":132,"column":13}},"132":{"start":{"line":133,"column":0},"end":{"line":133,"column":25}},"133":{"start":{"line":134,"column":0},"end":{"line":134,"column":71}},"134":{"start":{"line":135,"column":0},"end":{"line":135,"column":34}},"135":{"start":{"line":136,"column":0},"end":{"line":136,"column":42}},"136":{"start":{"line":137,"column":0},"end":{"line":137,"column":10}},"137":{"start":{"line":138,"column":0},"end":{"line":138,"column":49}},"138":{"start":{"line":139,"column":0},"end":{"line":139,"column":79}},"139":{"start":{"line":140,"column":0},"end":{"line":140,"column":14}},"140":{"start":{"line":141,"column":0},"end":{"line":141,"column":14}},"141":{"start":{"line":142,"column":0},"end":{"line":142,"column":0}},"142":{"start":{"line":143,"column":0},"end":{"line":143,"column":61}},"143":{"start":{"line":144,"column":0},"end":{"line":144,"column":14}},"144":{"start":{"line":145,"column":0},"end":{"line":145,"column":14}},"145":{"start":{"line":146,"column":0},"end":{"line":146,"column":71}},"146":{"start":{"line":147,"column":0},"end":{"line":147,"column":35}},"147":{"start":{"line":148,"column":0},"end":{"line":148,"column":21}},"148":{"start":{"line":149,"column":0},"end":{"line":149,"column":33}},"149":{"start":{"line":150,"column":0},"end":{"line":150,"column":51}},"150":{"start":{"line":151,"column":0},"end":{"line":151,"column":13}},"151":{"start":{"line":152,"column":0},"end":{"line":152,"column":10}},"152":{"start":{"line":153,"column":0},"end":{"line":153,"column":49}},"153":{"start":{"line":154,"column":0},"end":{"line":154,"column":73}},"154":{"start":{"line":155,"column":0},"end":{"line":155,"column":14}},"155":{"start":{"line":156,"column":0},"end":{"line":156,"column":14}},"156":{"start":{"line":157,"column":0},"end":{"line":157,"column":0}},"157":{"start":{"line":158,"column":0},"end":{"line":158,"column":54}},"158":{"start":{"line":159,"column":0},"end":{"line":159,"column":73}},"159":{"start":{"line":160,"column":0},"end":{"line":160,"column":14}},"160":{"start":{"line":161,"column":0},"end":{"line":161,"column":16}},"161":{"start":{"line":162,"column":0},"end":{"line":162,"column":23}},"162":{"start":{"line":163,"column":0},"end":{"line":163,"column":38}},"163":{"start":{"line":164,"column":0},"end":{"line":164,"column":24}},"164":{"start":{"line":165,"column":0},"end":{"line":165,"column":24}},"165":{"start":{"line":166,"column":0},"end":{"line":166,"column":36}},"166":{"start":{"line":167,"column":0},"end":{"line":167,"column":45}},"167":{"start":{"line":168,"column":0},"end":{"line":168,"column":15}},"168":{"start":{"line":169,"column":0},"end":{"line":169,"column":12}},"169":{"start":{"line":170,"column":0},"end":{"line":170,"column":16}},"170":{"start":{"line":171,"column":0},"end":{"line":171,"column":75}},"171":{"start":{"line":172,"column":0},"end":{"line":172,"column":16}},"172":{"start":{"line":173,"column":0},"end":{"line":173,"column":16}},"173":{"start":{"line":174,"column":0},"end":{"line":174,"column":25}},"174":{"start":{"line":175,"column":0},"end":{"line":175,"column":38}},"175":{"start":{"line":176,"column":0},"end":{"line":176,"column":36}},"176":{"start":{"line":177,"column":0},"end":{"line":177,"column":45}},"177":{"start":{"line":178,"column":0},"end":{"line":178,"column":15}},"178":{"start":{"line":179,"column":0},"end":{"line":179,"column":24}},"179":{"start":{"line":180,"column":0},"end":{"line":180,"column":26}},"180":{"start":{"line":181,"column":0},"end":{"line":181,"column":12}},"181":{"start":{"line":182,"column":0},"end":{"line":182,"column":16}},"182":{"start":{"line":183,"column":0},"end":{"line":183,"column":78}},"183":{"start":{"line":184,"column":0},"end":{"line":184,"column":15}},"184":{"start":{"line":185,"column":0},"end":{"line":185,"column":16}},"185":{"start":{"line":186,"column":0},"end":{"line":186,"column":28}},"186":{"start":{"line":187,"column":0},"end":{"line":187,"column":38}},"187":{"start":{"line":188,"column":0},"end":{"line":188,"column":36}},"188":{"start":{"line":189,"column":0},"end":{"line":189,"column":45}},"189":{"start":{"line":190,"column":0},"end":{"line":190,"column":15}},"190":{"start":{"line":191,"column":0},"end":{"line":191,"column":24}},"191":{"start":{"line":192,"column":0},"end":{"line":192,"column":25}},"192":{"start":{"line":193,"column":0},"end":{"line":193,"column":12}},"193":{"start":{"line":194,"column":0},"end":{"line":194,"column":16}},"194":{"start":{"line":195,"column":0},"end":{"line":195,"column":49}},"195":{"start":{"line":196,"column":0},"end":{"line":196,"column":74}},"196":{"start":{"line":197,"column":0},"end":{"line":197,"column":14}},"197":{"start":{"line":198,"column":0},"end":{"line":198,"column":12}},"198":{"start":{"line":199,"column":0},"end":{"line":199,"column":65}},"199":{"start":{"line":200,"column":0},"end":{"line":200,"column":18}},"200":{"start":{"line":201,"column":0},"end":{"line":201,"column":15}},"201":{"start":{"line":202,"column":0},"end":{"line":202,"column":71}},"202":{"start":{"line":203,"column":0},"end":{"line":203,"column":39}},"203":{"start":{"line":204,"column":0},"end":{"line":204,"column":37}},"204":{"start":{"line":205,"column":0},"end":{"line":205,"column":37}},"205":{"start":{"line":206,"column":0},"end":{"line":206,"column":42}},"206":{"start":{"line":207,"column":0},"end":{"line":207,"column":13}},"207":{"start":{"line":208,"column":0},"end":{"line":208,"column":9}},"208":{"start":{"line":209,"column":0},"end":{"line":209,"column":46}},"209":{"start":{"line":210,"column":0},"end":{"line":210,"column":52}},"210":{"start":{"line":211,"column":0},"end":{"line":211,"column":46}},"211":{"start":{"line":212,"column":0},"end":{"line":212,"column":52}},"212":{"start":{"line":213,"column":0},"end":{"line":213,"column":50}},"213":{"start":{"line":214,"column":0},"end":{"line":214,"column":17}},"214":{"start":{"line":215,"column":0},"end":{"line":215,"column":49}},"215":{"start":{"line":216,"column":0},"end":{"line":216,"column":80}},"216":{"start":{"line":217,"column":0},"end":{"line":217,"column":14}},"217":{"start":{"line":218,"column":0},"end":{"line":218,"column":14}},"218":{"start":{"line":219,"column":0},"end":{"line":219,"column":61}},"219":{"start":{"line":220,"column":0},"end":{"line":220,"column":14}},"220":{"start":{"line":221,"column":0},"end":{"line":221,"column":14}},"221":{"start":{"line":222,"column":0},"end":{"line":222,"column":72}},"222":{"start":{"line":223,"column":0},"end":{"line":223,"column":35}},"223":{"start":{"line":224,"column":0},"end":{"line":224,"column":21}},"224":{"start":{"line":225,"column":0},"end":{"line":225,"column":26}},"225":{"start":{"line":226,"column":0},"end":{"line":226,"column":33}},"226":{"start":{"line":227,"column":0},"end":{"line":227,"column":43}},"227":{"start":{"line":228,"column":0},"end":{"line":228,"column":13}},"228":{"start":{"line":229,"column":0},"end":{"line":229,"column":37}},"229":{"start":{"line":230,"column":0},"end":{"line":230,"column":10}},"230":{"start":{"line":231,"column":0},"end":{"line":231,"column":49}},"231":{"start":{"line":232,"column":0},"end":{"line":232,"column":72}},"232":{"start":{"line":233,"column":0},"end":{"line":233,"column":14}},"233":{"start":{"line":234,"column":0},"end":{"line":234,"column":14}},"234":{"start":{"line":235,"column":0},"end":{"line":235,"column":11}},"235":{"start":{"line":236,"column":0},"end":{"line":236,"column":14}},"236":{"start":{"line":237,"column":0},"end":{"line":237,"column":34}},"237":{"start":{"line":238,"column":0},"end":{"line":238,"column":75}},"238":{"start":{"line":239,"column":0},"end":{"line":239,"column":9}},"239":{"start":{"line":240,"column":0},"end":{"line":240,"column":52}},"240":{"start":{"line":241,"column":0},"end":{"line":241,"column":16}},"241":{"start":{"line":242,"column":0},"end":{"line":242,"column":31}},"242":{"start":{"line":243,"column":0},"end":{"line":243,"column":40}},"243":{"start":{"line":244,"column":0},"end":{"line":244,"column":38}},"244":{"start":{"line":245,"column":0},"end":{"line":245,"column":23}},"245":{"start":{"line":246,"column":0},"end":{"line":246,"column":76}},"246":{"start":{"line":247,"column":0},"end":{"line":247,"column":15}},"247":{"start":{"line":248,"column":0},"end":{"line":248,"column":27}},"248":{"start":{"line":249,"column":0},"end":{"line":249,"column":12}},"249":{"start":{"line":250,"column":0},"end":{"line":250,"column":16}},"250":{"start":{"line":251,"column":0},"end":{"line":251,"column":49}},"251":{"start":{"line":252,"column":0},"end":{"line":252,"column":78}},"252":{"start":{"line":253,"column":0},"end":{"line":253,"column":14}},"253":{"start":{"line":254,"column":0},"end":{"line":254,"column":12}},"254":{"start":{"line":255,"column":0},"end":{"line":255,"column":56}},"255":{"start":{"line":256,"column":0},"end":{"line":256,"column":14}},"256":{"start":{"line":257,"column":0},"end":{"line":257,"column":15}},"257":{"start":{"line":258,"column":0},"end":{"line":258,"column":11}},"258":{"start":{"line":259,"column":0},"end":{"line":259,"column":4}},"259":{"start":{"line":260,"column":0},"end":{"line":260,"column":1}},"260":{"start":{"line":261,"column":0},"end":{"line":261,"column":20}}},"s":{"0":1,"1":1,"2":1,"3":1,"4":1,"5":1,"6":1,"7":1,"8":1,"9":1,"10":1,"11":1,"12":1,"13":1,"14":1,"15":1,"16":1,"17":1,"18":1,"19":1,"20":5,"21":5,"22":5,"23":5,"24":5,"25":5,"26":5,"27":5,"28":5,"29":5,"30":5,"31":5,"32":5,"33":5,"34":5,"35":5,"36":5,"37":5,"38":5,"39":5,"40":5,"41":5,"42":0,"43":0,"44":0,"45":0,"46":0,"47":0,"48":0,"49":0,"50":0,"51":0,"52":0,"53":0,"54":0,"55":5,"56":5,"57":0,"58":0,"59":0,"60":0,"61":0,"62":0,"63":0,"64":0,"65":0,"66":0,"67":0,"68":0,"69":5,"70":5,"71":5,"72":5,"73":0,"74":5,"75":5,"76":5,"77":0,"78":5,"79":5,"80":5,"81":0,"82":5,"83":5,"84":5,"85":0,"86":5,"87":5,"88":5,"89":0,"90":5,"91":5,"92":5,"93":0,"94":5,"95":5,"96":5,"97":0,"98":5,"99":5,"100":5,"101":0,"102":0,"103":0,"104":0,"105":0,"106":0,"107":0,"108":5,"109":5,"110":5,"111":0,"112":0,"113":0,"114":0,"115":5,"116":5,"117":5,"118":5,"119":5,"120":5,"121":5,"122":5,"123":5,"124":5,"125":5,"126":5,"127":5,"128":5,"129":5,"130":5,"131":5,"132":5,"133":5,"134":5,"135":5,"136":5,"137":5,"138":5,"139":5,"140":5,"141":5,"142":5,"143":5,"144":5,"145":5,"146":5,"147":5,"148":5,"149":5,"150":5,"151":5,"152":5,"153":5,"154":5,"155":5,"156":5,"157":5,"158":5,"159":5,"160":5,"161":5,"162":5,"163":5,"164":5,"165":5,"166":5,"167":5,"168":5,"169":5,"170":5,"171":5,"172":5,"173":5,"174":5,"175":5,"176":5,"177":5,"178":5,"179":5,"180":5,"181":5,"182":5,"183":5,"184":5,"185":5,"186":5,"187":5,"188":5,"189":5,"190":5,"191":5,"192":5,"193":5,"194":5,"195":5,"196":5,"197":5,"198":5,"199":5,"200":5,"201":5,"202":5,"203":5,"204":5,"205":5,"206":5,"207":5,"208":5,"209":5,"210":5,"211":5,"212":5,"213":5,"214":5,"215":5,"216":5,"217":5,"218":5,"219":5,"220":5,"221":5,"222":5,"223":5,"224":5,"225":5,"226":5,"227":5,"228":5,"229":5,"230":5,"231":5,"232":5,"233":5,"234":5,"235":5,"236":5,"237":5,"238":5,"239":5,"240":5,"241":5,"242":5,"243":5,"244":5,"245":5,"246":5,"247":5,"248":5,"249":5,"250":5,"251":5,"252":5,"253":5,"254":5,"255":5,"256":5,"257":5,"258":5,"259":5,"260":1},"branchMap":{"0":{"type":"branch","line":21,"loc":{"start":{"line":21,"column":0},"end":{"line":260,"column":1}},"locations":[{"start":{"line":21,"column":0},"end":{"line":260,"column":1}}]},"1":{"type":"branch","line":139,"loc":{"start":{"line":139,"column":11},"end":{"line":139,"column":31}},"locations":[{"start":{"line":139,"column":11},"end":{"line":139,"column":31}}]},"2":{"type":"branch","line":139,"loc":{"start":{"line":139,"column":19},"end":{"line":139,"column":79}},"locations":[{"start":{"line":139,"column":19},"end":{"line":139,"column":79}}]},"3":{"type":"branch","line":154,"loc":{"start":{"line":154,"column":11},"end":{"line":154,"column":28}},"locations":[{"start":{"line":154,"column":11},"end":{"line":154,"column":28}}]},"4":{"type":"branch","line":154,"loc":{"start":{"line":154,"column":19},"end":{"line":154,"column":73}},"locations":[{"start":{"line":154,"column":19},"end":{"line":154,"column":73}}]},"5":{"type":"branch","line":196,"loc":{"start":{"line":196,"column":11},"end":{"line":196,"column":29}},"locations":[{"start":{"line":196,"column":11},"end":{"line":196,"column":29}}]},"6":{"type":"branch","line":196,"loc":{"start":{"line":196,"column":19},"end":{"line":196,"column":74}},"locations":[{"start":{"line":196,"column":19},"end":{"line":196,"column":74}}]},"7":{"type":"branch","line":216,"loc":{"start":{"line":216,"column":11},"end":{"line":216,"column":32}},"locations":[{"start":{"line":216,"column":11},"end":{"line":216,"column":32}}]},"8":{"type":"branch","line":216,"loc":{"start":{"line":216,"column":19},"end":{"line":216,"column":80}},"locations":[{"start":{"line":216,"column":19},"end":{"line":216,"column":80}}]},"9":{"type":"branch","line":232,"loc":{"start":{"line":232,"column":11},"end":{"line":232,"column":28}},"locations":[{"start":{"line":232,"column":11},"end":{"line":232,"column":28}}]},"10":{"type":"branch","line":232,"loc":{"start":{"line":232,"column":19},"end":{"line":232,"column":72}},"locations":[{"start":{"line":232,"column":19},"end":{"line":232,"column":72}}]},"11":{"type":"branch","line":252,"loc":{"start":{"line":252,"column":11},"end":{"line":252,"column":31}},"locations":[{"start":{"line":252,"column":11},"end":{"line":252,"column":31}}]},"12":{"type":"branch","line":252,"loc":{"start":{"line":252,"column":19},"end":{"line":252,"column":78}},"locations":[{"start":{"line":252,"column":19},"end":{"line":252,"column":78}}]}},"b":{"0":[5],"1":[0],"2":[0],"3":[0],"4":[0],"5":[0],"6":[0],"7":[0],"8":[0],"9":[0],"10":[0],"11":[0],"12":[0]},"fnMap":{"0":{"name":"Form","decl":{"start":{"line":21,"column":0},"end":{"line":260,"column":1}},"loc":{"start":{"line":21,"column":0},"end":{"line":260,"column":1}},"line":21},"1":{"name":"handlerImgChange","decl":{"start":{"line":42,"column":27},"end":{"line":55,"column":4}},"loc":{"start":{"line":42,"column":27},"end":{"line":55,"column":4}},"line":42},"2":{"name":"createPersonList","decl":{"start":{"line":57,"column":27},"end":{"line":69,"column":4}},"loc":{"start":{"line":57,"column":27},"end":{"line":69,"column":4}},"line":57},"3":{"name":"handleFormSubmit","decl":{"start":{"line":111,"column":27},"end":{"line":115,"column":4}},"loc":{"start":{"line":111,"column":27},"end":{"line":115,"column":4}},"line":111}},"f":{"0":5,"1":0,"2":0,"3":0}}
,"/Volumes/Azkaban/IT/RS_new-folder/ReactStage/firstReact/src/components/header/Header.tsx": {"path":"/Volumes/Azkaban/IT/RS_new-folder/ReactStage/firstReact/src/components/header/Header.tsx","all":false,"statementMap":{"0":{"start":{"line":1,"column":0},"end":{"line":1,"column":32}},"1":{"start":{"line":2,"column":0},"end":{"line":2,"column":40}},"2":{"start":{"line":3,"column":0},"end":{"line":3,"column":49}},"3":{"start":{"line":4,"column":0},"end":{"line":4,"column":0}},"4":{"start":{"line":5,"column":0},"end":{"line":5,"column":19}},"5":{"start":{"line":6,"column":0},"end":{"line":6,"column":10}},"6":{"start":{"line":7,"column":0},"end":{"line":7,"column":37}},"7":{"start":{"line":8,"column":0},"end":{"line":8,"column":14}},"8":{"start":{"line":9,"column":0},"end":{"line":9,"column":11}},"9":{"start":{"line":10,"column":0},"end":{"line":10,"column":47}},"10":{"start":{"line":11,"column":0},"end":{"line":11,"column":45}},"11":{"start":{"line":12,"column":0},"end":{"line":12,"column":49}},"12":{"start":{"line":13,"column":0},"end":{"line":13,"column":51}},"13":{"start":{"line":14,"column":0},"end":{"line":14,"column":13}},"14":{"start":{"line":15,"column":0},"end":{"line":15,"column":12}},"15":{"start":{"line":16,"column":0},"end":{"line":16,"column":13}},"16":{"start":{"line":17,"column":0},"end":{"line":17,"column":4}},"17":{"start":{"line":18,"column":0},"end":{"line":18,"column":1}},"18":{"start":{"line":19,"column":0},"end":{"line":19,"column":22}}},"s":{"0":1,"1":1,"2":1,"3":1,"4":1,"5":1,"6":1,"7":1,"8":1,"9":1,"10":1,"11":1,"12":1,"13":1,"14":1,"15":1,"16":1,"17":1,"18":1},"branchMap":{"0":{"type":"branch","line":5,"loc":{"start":{"line":5,"column":0},"end":{"line":18,"column":1}},"locations":[{"start":{"line":5,"column":0},"end":{"line":18,"column":1}}]}},"b":{"0":[1]},"fnMap":{"0":{"name":"Header","decl":{"start":{"line":5,"column":0},"end":{"line":18,"column":1}},"loc":{"start":{"line":5,"column":0},"end":{"line":18,"column":1}},"line":5}},"f":{"0":1}}
,"/Volumes/Azkaban/IT/RS_new-folder/ReactStage/firstReact/src/components/header/navbarItem/NavbarItem.tsx": {"path":"/Volumes/Azkaban/IT/RS_new-folder/ReactStage/firstReact/src/components/header/navbarItem/NavbarItem.tsx","all":false,"statementMap":{"0":{"start":{"line":1,"column":0},"end":{"line":1,"column":43}},"1":{"start":{"line":2,"column":0},"end":{"line":2,"column":45}},"2":{"start":{"line":3,"column":0},"end":{"line":3,"column":0}},"3":{"start":{"line":4,"column":0},"end":{"line":4,"column":18}},"4":{"start":{"line":5,"column":0},"end":{"line":5,"column":15}},"5":{"start":{"line":6,"column":0},"end":{"line":6,"column":15}},"6":{"start":{"line":7,"column":0},"end":{"line":7,"column":1}},"7":{"start":{"line":8,"column":0},"end":{"line":8,"column":0}},"8":{"start":{"line":9,"column":0},"end":{"line":9,"column":36}},"9":{"start":{"line":10,"column":0},"end":{"line":10,"column":31}},"10":{"start":{"line":11,"column":0},"end":{"line":11,"column":10}},"11":{"start":{"line":12,"column":0},"end":{"line":12,"column":36}},"12":{"start":{"line":13,"column":0},"end":{"line":13,"column":14}},"13":{"start":{"line":14,"column":0},"end":{"line":14,"column":41}},"14":{"start":{"line":15,"column":0},"end":{"line":15,"column":34}},"15":{"start":{"line":16,"column":0},"end":{"line":16,"column":63}},"16":{"start":{"line":17,"column":0},"end":{"line":17,"column":10}},"17":{"start":{"line":18,"column":0},"end":{"line":18,"column":17}},"18":{"start":{"line":19,"column":0},"end":{"line":19,"column":7}},"19":{"start":{"line":20,"column":0},"end":{"line":20,"column":14}},"20":{"start":{"line":21,"column":0},"end":{"line":21,"column":16}},"21":{"start":{"line":22,"column":0},"end":{"line":22,"column":9}},"22":{"start":{"line":23,"column":0},"end":{"line":23,"column":4}},"23":{"start":{"line":24,"column":0},"end":{"line":24,"column":1}},"24":{"start":{"line":25,"column":0},"end":{"line":25,"column":0}},"25":{"start":{"line":26,"column":0},"end":{"line":26,"column":26}}},"s":{"0":1,"1":1,"2":1,"3":1,"4":1,"5":1,"6":1,"7":1,"8":3,"9":3,"10":3,"11":3,"12":3,"13":3,"14":3,"15":3,"16":3,"17":3,"18":3,"19":3,"20":3,"21":3,"22":3,"23":3,"24":1,"25":1},"branchMap":{"0":{"type":"branch","line":9,"loc":{"start":{"line":9,"column":0},"end":{"line":24,"column":1}},"locations":[{"start":{"line":9,"column":0},"end":{"line":24,"column":1}}]},"1":{"type":"branch","line":15,"loc":{"start":{"line":15,"column":15},"end":{"line":17,"column":10}},"locations":[{"start":{"line":15,"column":15},"end":{"line":17,"column":10}}]},"2":{"type":"branch","line":16,"loc":{"start":{"line":16,"column":26},"end":{"line":16,"column":49}},"locations":[{"start":{"line":16,"column":26},"end":{"line":16,"column":49}}]}},"b":{"0":[3],"1":[3],"2":[0]},"fnMap":{"0":{"name":"NavbarItem","decl":{"start":{"line":9,"column":0},"end":{"line":24,"column":1}},"loc":{"start":{"line":9,"column":0},"end":{"line":24,"column":1}},"line":9},"1":{"name":"style","decl":{"start":{"line":15,"column":15},"end":{"line":17,"column":10}},"loc":{"start":{"line":15,"column":15},"end":{"line":17,"column":10}},"line":15}},"f":{"0":3,"1":3}}
,"/Volumes/Azkaban/IT/RS_new-folder/ReactStage/firstReact/src/components/logo/Logo.tsx": {"path":"/Volumes/Azkaban/IT/RS_new-folder/ReactStage/firstReact/src/components/logo/Logo.tsx","all":false,"statementMap":{"0":{"start":{"line":1,"column":0},"end":{"line":1,"column":59}},"1":{"start":{"line":2,"column":0},"end":{"line":2,"column":37}},"2":{"start":{"line":3,"column":0},"end":{"line":3,"column":0}},"3":{"start":{"line":4,"column":0},"end":{"line":4,"column":17}},"4":{"start":{"line":5,"column":0},"end":{"line":5,"column":10}},"5":{"start":{"line":6,"column":0},"end":{"line":6,"column":9}},"6":{"start":{"line":7,"column":0},"end":{"line":7,"column":10}},"7":{"start":{"line":8,"column":0},"end":{"line":8,"column":45}},"8":{"start":{"line":9,"column":0},"end":{"line":9,"column":25}},"9":{"start":{"line":10,"column":0},"end":{"line":10,"column":26}},"10":{"start":{"line":11,"column":0},"end":{"line":11,"column":8}},"11":{"start":{"line":12,"column":0},"end":{"line":12,"column":10}},"12":{"start":{"line":13,"column":0},"end":{"line":13,"column":4}},"13":{"start":{"line":14,"column":0},"end":{"line":14,"column":1}},"14":{"start":{"line":15,"column":0},"end":{"line":15,"column":0}},"15":{"start":{"line":16,"column":0},"end":{"line":16,"column":20}}},"s":{"0":1,"1":1,"2":1,"3":1,"4":1,"5":1,"6":1,"7":1,"8":1,"9":1,"10":1,"11":1,"12":1,"13":1,"14":1,"15":1},"branchMap":{"0":{"type":"branch","line":4,"loc":{"start":{"line":4,"column":0},"end":{"line":14,"column":1}},"locations":[{"start":{"line":4,"column":0},"end":{"line":14,"column":1}}]}},"b":{"0":[1]},"fnMap":{"0":{"name":"Logo","decl":{"start":{"line":4,"column":0},"end":{"line":14,"column":1}},"loc":{"start":{"line":4,"column":0},"end":{"line":14,"column":1}},"line":4}},"f":{"0":1}}
,"/Volumes/Azkaban/IT/RS_new-folder/ReactStage/firstReact/src/components/logo/LogoGIT.tsx": {"path":"/Volumes/Azkaban/IT/RS_new-folder/ReactStage/firstReact/src/components/logo/LogoGIT.tsx","all":false,"statementMap":{"0":{"start":{"line":1,"column":0},"end":{"line":1,"column":34}},"1":{"start":{"line":2,"column":0},"end":{"line":2,"column":59}},"2":{"start":{"line":3,"column":0},"end":{"line":3,"column":37}},"3":{"start":{"line":4,"column":0},"end":{"line":4,"column":0}},"4":{"start":{"line":5,"column":0},"end":{"line":5,"column":33}},"5":{"start":{"line":6,"column":0},"end":{"line":6,"column":12}},"6":{"start":{"line":7,"column":0},"end":{"line":7,"column":12}},"7":{"start":{"line":8,"column":0},"end":{"line":8,"column":11}},"8":{"start":{"line":9,"column":0},"end":{"line":9,"column":46}},"9":{"start":{"line":10,"column":0},"end":{"line":10,"column":77}},"10":{"start":{"line":11,"column":0},"end":{"line":11,"column":12}},"11":{"start":{"line":12,"column":0},"end":{"line":12,"column":12}},"12":{"start":{"line":13,"column":0},"end":{"line":13,"column":6}},"13":{"start":{"line":14,"column":0},"end":{"line":14,"column":3}},"14":{"start":{"line":15,"column":0},"end":{"line":15,"column":1}},"15":{"start":{"line":16,"column":0},"end":{"line":16,"column":0}},"16":{"start":{"line":17,"column":0},"end":{"line":17,"column":23}}},"s":{"0":1,"1":1,"2":1,"3":1,"4":1,"5":1,"6":1,"7":1,"8":1,"9":1,"10":1,"11":1,"12":1,"13":1,"14":1,"15":1,"16":1},"branchMap":{"0":{"type":"branch","line":6,"loc":{"start":{"line":6,"column":2},"end":{"line":14,"column":3}},"locations":[{"start":{"line":6,"column":2},"end":{"line":14,"column":3}}]}},"b":{"0":[1]},"fnMap":{"0":{"name":"render","decl":{"start":{"line":6,"column":2},"end":{"line":14,"column":3}},"loc":{"start":{"line":6,"column":2},"end":{"line":14,"column":3}},"line":6}},"f":{"0":1}}
,"/Volumes/Azkaban/IT/RS_new-folder/ReactStage/firstReact/src/components/logo/LogoRS.tsx": {"path":"/Volumes/Azkaban/IT/RS_new-folder/ReactStage/firstReact/src/components/logo/LogoRS.tsx","all":false,"statementMap":{"0":{"start":{"line":1,"column":0},"end":{"line":1,"column":34}},"1":{"start":{"line":2,"column":0},"end":{"line":2,"column":48}},"2":{"start":{"line":3,"column":0},"end":{"line":3,"column":37}},"3":{"start":{"line":4,"column":0},"end":{"line":4,"column":0}},"4":{"start":{"line":5,"column":0},"end":{"line":5,"column":32}},"5":{"start":{"line":6,"column":0},"end":{"line":6,"column":12}},"6":{"start":{"line":7,"column":0},"end":{"line":7,"column":12}},"7":{"start":{"line":8,"column":0},"end":{"line":8,"column":11}},"8":{"start":{"line":9,"column":0},"end":{"line":9,"column":37}},"9":{"start":{"line":10,"column":0},"end":{"line":10,"column":74}},"10":{"start":{"line":11,"column":0},"end":{"line":11,"column":12}},"11":{"start":{"line":12,"column":0},"end":{"line":12,"column":12}},"12":{"start":{"line":13,"column":0},"end":{"line":13,"column":6}},"13":{"start":{"line":14,"column":0},"end":{"line":14,"column":3}},"14":{"start":{"line":15,"column":0},"end":{"line":15,"column":1}},"15":{"start":{"line":16,"column":0},"end":{"line":16,"column":0}},"16":{"start":{"line":17,"column":0},"end":{"line":17,"column":22}}},"s":{"0":1,"1":1,"2":1,"3":1,"4":1,"5":1,"6":1,"7":1,"8":1,"9":1,"10":1,"11":1,"12":1,"13":1,"14":1,"15":1,"16":1},"branchMap":{"0":{"type":"branch","line":6,"loc":{"start":{"line":6,"column":2},"end":{"line":14,"column":3}},"locations":[{"start":{"line":6,"column":2},"end":{"line":14,"column":3}}]}},"b":{"0":[1]},"fnMap":{"0":{"name":"render","decl":{"start":{"line":6,"column":2},"end":{"line":14,"column":3}},"loc":{"start":{"line":6,"column":2},"end":{"line":14,"column":3}},"line":6}},"f":{"0":1}}
,"/Volumes/Azkaban/IT/RS_new-folder/ReactStage/firstReact/src/components/personList/PersonList.tsx": {"path":"/Volumes/Azkaban/IT/RS_new-folder/ReactStage/firstReact/src/components/personList/PersonList.tsx","all":false,"statementMap":{"0":{"start":{"line":1,"column":0},"end":{"line":1,"column":45}},"1":{"start":{"line":2,"column":0},"end":{"line":2,"column":0}},"2":{"start":{"line":3,"column":0},"end":{"line":3,"column":55}},"3":{"start":{"line":4,"column":0},"end":{"line":4,"column":46}},"4":{"start":{"line":5,"column":0},"end":{"line":5,"column":32}},"5":{"start":{"line":6,"column":0},"end":{"line":6,"column":0}},"6":{"start":{"line":7,"column":0},"end":{"line":7,"column":17}},"7":{"start":{"line":8,"column":0},"end":{"line":8,"column":24}},"8":{"start":{"line":9,"column":0},"end":{"line":9,"column":16}},"9":{"start":{"line":10,"column":0},"end":{"line":10,"column":63}},"10":{"start":{"line":11,"column":0},"end":{"line":11,"column":16}},"11":{"start":{"line":12,"column":0},"end":{"line":12,"column":36}},"12":{"start":{"line":13,"column":0},"end":{"line":13,"column":22}},"13":{"start":{"line":14,"column":0},"end":{"line":14,"column":16}},"14":{"start":{"line":15,"column":0},"end":{"line":15,"column":1}},"15":{"start":{"line":16,"column":0},"end":{"line":16,"column":0}},"16":{"start":{"line":17,"column":0},"end":{"line":17,"column":21}},"17":{"start":{"line":18,"column":0},"end":{"line":18,"column":13}},"18":{"start":{"line":19,"column":0},"end":{"line":19,"column":16}},"19":{"start":{"line":20,"column":0},"end":{"line":20,"column":13}},"20":{"start":{"line":21,"column":0},"end":{"line":21,"column":8}},"21":{"start":{"line":22,"column":0},"end":{"line":22,"column":14}},"22":{"start":{"line":23,"column":0},"end":{"line":23,"column":11}},"23":{"start":{"line":24,"column":0},"end":{"line":24,"column":10}},"24":{"start":{"line":25,"column":0},"end":{"line":25,"column":6}},"25":{"start":{"line":26,"column":0},"end":{"line":26,"column":58}},"26":{"start":{"line":27,"column":0},"end":{"line":27,"column":21}},"27":{"start":{"line":28,"column":0},"end":{"line":28,"column":40}},"28":{"start":{"line":29,"column":0},"end":{"line":29,"column":21}},"29":{"start":{"line":30,"column":0},"end":{"line":30,"column":14}},"30":{"start":{"line":31,"column":0},"end":{"line":31,"column":11}},"31":{"start":{"line":32,"column":0},"end":{"line":32,"column":43}},"32":{"start":{"line":33,"column":0},"end":{"line":33,"column":24}},"33":{"start":{"line":34,"column":0},"end":{"line":34,"column":27}},"34":{"start":{"line":35,"column":0},"end":{"line":35,"column":15}},"35":{"start":{"line":36,"column":0},"end":{"line":36,"column":75}},"36":{"start":{"line":37,"column":0},"end":{"line":37,"column":17}},"37":{"start":{"line":38,"column":0},"end":{"line":38,"column":20}},"38":{"start":{"line":39,"column":0},"end":{"line":39,"column":21}},"39":{"start":{"line":40,"column":0},"end":{"line":40,"column":39}},"40":{"start":{"line":41,"column":0},"end":{"line":41,"column":29}},"41":{"start":{"line":42,"column":0},"end":{"line":42,"column":27}},"42":{"start":{"line":43,"column":0},"end":{"line":43,"column":41}},"43":{"start":{"line":44,"column":0},"end":{"line":44,"column":31}},"44":{"start":{"line":45,"column":0},"end":{"line":45,"column":29}},"45":{"start":{"line":46,"column":0},"end":{"line":46,"column":49}},"46":{"start":{"line":47,"column":0},"end":{"line":47,"column":71}},"47":{"start":{"line":48,"column":0},"end":{"line":48,"column":61}},"48":{"start":{"line":49,"column":0},"end":{"line":49,"column":19}},"49":{"start":{"line":50,"column":0},"end":{"line":50,"column":33}},"50":{"start":{"line":51,"column":0},"end":{"line":51,"column":46}},"51":{"start":{"line":52,"column":0},"end":{"line":52,"column":43}},"52":{"start":{"line":53,"column":0},"end":{"line":53,"column":18}},"53":{"start":{"line":54,"column":0},"end":{"line":54,"column":15}},"54":{"start":{"line":55,"column":0},"end":{"line":55,"column":14}},"55":{"start":{"line":56,"column":0},"end":{"line":56,"column":13}},"56":{"start":{"line":57,"column":0},"end":{"line":57,"column":8}},"57":{"start":{"line":58,"column":0},"end":{"line":58,"column":7}},"58":{"start":{"line":59,"column":0},"end":{"line":59,"column":4}},"59":{"start":{"line":60,"column":0},"end":{"line":60,"column":1}},"60":{"start":{"line":61,"column":0},"end":{"line":61,"column":0}},"61":{"start":{"line":62,"column":0},"end":{"line":62,"column":26}}},"s":{"0":1,"1":1,"2":1,"3":1,"4":1,"5":1,"6":1,"7":1,"8":1,"9":1,"10":1,"11":1,"12":1,"13":1,"14":1,"15":1,"16":0,"17":0,"18":0,"19":0,"20":0,"21":0,"22":0,"23":0,"24":0,"25":0,"26":0,"27":0,"28":0,"29":0,"30":0,"31":0,"32":0,"33":0,"34":0,"35":0,"36":0,"37":0,"38":0,"39":0,"40":0,"41":0,"42":0,"43":0,"44":0,"45":0,"46":0,"47":0,"48":0,"49":0,"50":0,"51":0,"52":0,"53":0,"54":0,"55":0,"56":0,"57":0,"58":0,"59":0,"60":1,"61":1},"branchMap":{},"b":{},"fnMap":{"0":{"name":"PersonList","decl":{"start":{"line":17,"column":0},"end":{"line":60,"column":1}},"loc":{"start":{"line":17,"column":0},"end":{"line":60,"column":1}},"line":17}},"f":{"0":0}}
,"/Volumes/Azkaban/IT/RS_new-folder/ReactStage/firstReact/src/components/popup/Popup.tsx": {"path":"/Volumes/Azkaban/IT/RS_new-folder/ReactStage/firstReact/src/components/popup/Popup.tsx","all":false,"statementMap":{"0":{"start":{"line":1,"column":0},"end":{"line":1,"column":40}},"1":{"start":{"line":2,"column":0},"end":{"line":2,"column":48}},"2":{"start":{"line":3,"column":0},"end":{"line":3,"column":51}},"3":{"start":{"line":4,"column":0},"end":{"line":4,"column":0}},"4":{"start":{"line":5,"column":0},"end":{"line":5,"column":18}},"5":{"start":{"line":6,"column":0},"end":{"line":6,"column":38}},"6":{"start":{"line":7,"column":0},"end":{"line":7,"column":18}},"7":{"start":{"line":8,"column":0},"end":{"line":8,"column":26}},"8":{"start":{"line":9,"column":0},"end":{"line":9,"column":37}},"9":{"start":{"line":10,"column":0},"end":{"line":10,"column":1}},"10":{"start":{"line":11,"column":0},"end":{"line":11,"column":0}},"11":{"start":{"line":12,"column":0},"end":{"line":12,"column":44}},"12":{"start":{"line":13,"column":0},"end":{"line":13,"column":80}},"13":{"start":{"line":14,"column":0},"end":{"line":14,"column":0}},"14":{"start":{"line":15,"column":0},"end":{"line":15,"column":10}},"15":{"start":{"line":16,"column":0},"end":{"line":16,"column":6}},"16":{"start":{"line":17,"column":0},"end":{"line":17,"column":10}},"17":{"start":{"line":18,"column":0},"end":{"line":18,"column":37}},"18":{"start":{"line":19,"column":0},"end":{"line":19,"column":27}},"19":{"start":{"line":20,"column":0},"end":{"line":20,"column":24}},"20":{"start":{"line":21,"column":0},"end":{"line":21,"column":25}},"21":{"start":{"line":22,"column":0},"end":{"line":22,"column":10}},"22":{"start":{"line":23,"column":0},"end":{"line":23,"column":8}},"23":{"start":{"line":24,"column":0},"end":{"line":24,"column":36}},"24":{"start":{"line":25,"column":0},"end":{"line":25,"column":21}},"25":{"start":{"line":26,"column":0},"end":{"line":26,"column":25}},"26":{"start":{"line":27,"column":0},"end":{"line":27,"column":43}},"27":{"start":{"line":28,"column":0},"end":{"line":28,"column":43}},"28":{"start":{"line":29,"column":0},"end":{"line":29,"column":10}},"29":{"start":{"line":30,"column":0},"end":{"line":30,"column":12}},"30":{"start":{"line":31,"column":0},"end":{"line":31,"column":7}},"31":{"start":{"line":32,"column":0},"end":{"line":32,"column":4}},"32":{"start":{"line":33,"column":0},"end":{"line":33,"column":1}},"33":{"start":{"line":34,"column":0},"end":{"line":34,"column":0}},"34":{"start":{"line":35,"column":0},"end":{"line":35,"column":21}}},"s":{"0":1,"1":1,"2":1,"3":1,"4":1,"5":1,"6":1,"7":1,"8":1,"9":1,"10":1,"11":0,"12":0,"13":0,"14":0,"15":0,"16":0,"17":0,"18":0,"19":0,"20":0,"21":0,"22":0,"23":0,"24":0,"25":0,"26":0,"27":0,"28":0,"29":0,"30":0,"31":0,"32":0,"33":1,"34":1},"branchMap":{},"b":{},"fnMap":{"0":{"name":"Popup","decl":{"start":{"line":12,"column":0},"end":{"line":33,"column":1}},"loc":{"start":{"line":12,"column":0},"end":{"line":33,"column":1}},"line":12}},"f":{"0":0}}
,"/Volumes/Azkaban/IT/RS_new-folder/ReactStage/firstReact/src/components/search/Search.tsx": {"path":"/Volumes/Azkaban/IT/RS_new-folder/ReactStage/firstReact/src/components/search/Search.tsx","all":false,"statementMap":{"0":{"start":{"line":1,"column":0},"end":{"line":1,"column":44}},"1":{"start":{"line":2,"column":0},"end":{"line":2,"column":55}},"2":{"start":{"line":3,"column":0},"end":{"line":3,"column":40}},"3":{"start":{"line":4,"column":0},"end":{"line":4,"column":53}},"4":{"start":{"line":5,"column":0},"end":{"line":5,"column":41}},"5":{"start":{"line":6,"column":0},"end":{"line":6,"column":0}},"6":{"start":{"line":7,"column":0},"end":{"line":7,"column":17}},"7":{"start":{"line":8,"column":0},"end":{"line":8,"column":39}},"8":{"start":{"line":9,"column":0},"end":{"line":9,"column":40}},"9":{"start":{"line":10,"column":0},"end":{"line":10,"column":41}},"10":{"start":{"line":11,"column":0},"end":{"line":11,"column":1}},"11":{"start":{"line":12,"column":0},"end":{"line":12,"column":0}},"12":{"start":{"line":13,"column":0},"end":{"line":13,"column":62}},"13":{"start":{"line":14,"column":0},"end":{"line":14,"column":33}},"14":{"start":{"line":15,"column":0},"end":{"line":15,"column":53}},"15":{"start":{"line":16,"column":0},"end":{"line":16,"column":4}},"16":{"start":{"line":17,"column":0},"end":{"line":17,"column":33}},"17":{"start":{"line":18,"column":0},"end":{"line":18,"column":56}},"18":{"start":{"line":19,"column":0},"end":{"line":19,"column":0}},"19":{"start":{"line":20,"column":0},"end":{"line":20,"column":48}},"20":{"start":{"line":21,"column":0},"end":{"line":21,"column":52}},"21":{"start":{"line":22,"column":0},"end":{"line":22,"column":31}},"22":{"start":{"line":23,"column":0},"end":{"line":23,"column":4}},"23":{"start":{"line":24,"column":0},"end":{"line":24,"column":0}},"24":{"start":{"line":25,"column":0},"end":{"line":25,"column":72}},"25":{"start":{"line":26,"column":0},"end":{"line":26,"column":44}},"26":{"start":{"line":27,"column":0},"end":{"line":27,"column":32}},"27":{"start":{"line":28,"column":0},"end":{"line":28,"column":24}},"28":{"start":{"line":29,"column":0},"end":{"line":29,"column":4}},"29":{"start":{"line":30,"column":0},"end":{"line":30,"column":0}},"30":{"start":{"line":31,"column":0},"end":{"line":31,"column":28}},"31":{"start":{"line":32,"column":0},"end":{"line":32,"column":59}},"32":{"start":{"line":33,"column":0},"end":{"line":33,"column":8}},"33":{"start":{"line":34,"column":0},"end":{"line":34,"column":27}},"34":{"start":{"line":35,"column":0},"end":{"line":35,"column":73}},"35":{"start":{"line":36,"column":0},"end":{"line":36,"column":31}},"36":{"start":{"line":37,"column":0},"end":{"line":37,"column":21}},"37":{"start":{"line":38,"column":0},"end":{"line":38,"column":4}},"38":{"start":{"line":39,"column":0},"end":{"line":39,"column":0}},"39":{"start":{"line":40,"column":0},"end":{"line":40,"column":34}},"40":{"start":{"line":41,"column":0},"end":{"line":41,"column":20}},"41":{"start":{"line":42,"column":0},"end":{"line":42,"column":29}},"42":{"start":{"line":43,"column":0},"end":{"line":43,"column":21}},"43":{"start":{"line":44,"column":0},"end":{"line":44,"column":18}},"44":{"start":{"line":45,"column":0},"end":{"line":45,"column":4}},"45":{"start":{"line":46,"column":0},"end":{"line":46,"column":0}},"46":{"start":{"line":47,"column":0},"end":{"line":47,"column":19}},"47":{"start":{"line":48,"column":0},"end":{"line":48,"column":29}},"48":{"start":{"line":49,"column":0},"end":{"line":49,"column":9}},"49":{"start":{"line":50,"column":0},"end":{"line":50,"column":0}},"50":{"start":{"line":51,"column":0},"end":{"line":51,"column":10}},"51":{"start":{"line":52,"column":0},"end":{"line":52,"column":69}},"52":{"start":{"line":53,"column":0},"end":{"line":53,"column":46}},"53":{"start":{"line":54,"column":0},"end":{"line":54,"column":14}},"54":{"start":{"line":55,"column":0},"end":{"line":55,"column":47}},"55":{"start":{"line":56,"column":0},"end":{"line":56,"column":36}},"56":{"start":{"line":57,"column":0},"end":{"line":57,"column":23}},"57":{"start":{"line":58,"column":0},"end":{"line":58,"column":28}},"58":{"start":{"line":59,"column":0},"end":{"line":59,"column":33}},"59":{"start":{"line":60,"column":0},"end":{"line":60,"column":10}},"60":{"start":{"line":61,"column":0},"end":{"line":61,"column":60}},"61":{"start":{"line":62,"column":0},"end":{"line":62,"column":14}},"62":{"start":{"line":63,"column":0},"end":{"line":63,"column":46}},"63":{"start":{"line":64,"column":0},"end":{"line":64,"column":51}},"64":{"start":{"line":65,"column":0},"end":{"line":65,"column":15}},"65":{"start":{"line":66,"column":0},"end":{"line":66,"column":28}},"66":{"start":{"line":67,"column":0},"end":{"line":67,"column":23}},"67":{"start":{"line":68,"column":0},"end":{"line":68,"column":12}},"68":{"start":{"line":69,"column":0},"end":{"line":69,"column":14}},"69":{"start":{"line":70,"column":0},"end":{"line":70,"column":12}},"70":{"start":{"line":71,"column":0},"end":{"line":71,"column":64}},"71":{"start":{"line":72,"column":0},"end":{"line":72,"column":14}},"72":{"start":{"line":73,"column":0},"end":{"line":73,"column":15}},"73":{"start":{"line":74,"column":0},"end":{"line":74,"column":11}},"74":{"start":{"line":75,"column":0},"end":{"line":75,"column":4}},"75":{"start":{"line":76,"column":0},"end":{"line":76,"column":1}},"76":{"start":{"line":77,"column":0},"end":{"line":77,"column":22}}},"s":{"0":1,"1":1,"2":1,"3":1,"4":1,"5":1,"6":1,"7":1,"8":1,"9":1,"10":1,"11":1,"12":5,"13":5,"14":5,"15":5,"16":5,"17":5,"18":5,"19":5,"20":0,"21":0,"22":0,"23":5,"24":5,"25":0,"26":0,"27":0,"28":0,"29":5,"30":5,"31":0,"32":0,"33":0,"34":0,"35":0,"36":0,"37":0,"38":5,"39":5,"40":0,"41":0,"42":0,"43":0,"44":0,"45":5,"46":5,"47":0,"48":5,"49":5,"50":5,"51":5,"52":5,"53":5,"54":5,"55":5,"56":5,"57":5,"58":5,"59":5,"60":5,"61":5,"62":5,"63":5,"64":5,"65":5,"66":5,"67":5,"68":5,"69":5,"70":5,"71":5,"72":5,"73":5,"74":5,"75":5,"76":1},"branchMap":{"0":{"type":"branch","line":13,"loc":{"start":{"line":13,"column":0},"end":{"line":76,"column":1}},"locations":[{"start":{"line":13,"column":0},"end":{"line":76,"column":1}}]},"1":{"type":"branch","line":64,"loc":{"start":{"line":64,"column":14},"end":{"line":64,"column":49}},"locations":[{"start":{"line":64,"column":14},"end":{"line":64,"column":49}}]},"2":{"type":"branch","line":64,"loc":{"start":{"line":64,"column":38},"end":{"line":64,"column":51}},"locations":[{"start":{"line":64,"column":38},"end":{"line":64,"column":51}}]}},"b":{"0":[5],"1":[0],"2":[0]},"fnMap":{"0":{"name":"Search","decl":{"start":{"line":13,"column":0},"end":{"line":76,"column":1}},"loc":{"start":{"line":13,"column":0},"end":{"line":76,"column":1}},"line":13},"1":{"name":"visibleClose","decl":{"start":{"line":20,"column":23},"end":{"line":23,"column":4}},"loc":{"start":{"line":20,"column":23},"end":{"line":23,"column":4}},"line":20},"2":{"name":"handleChange","decl":{"start":{"line":25,"column":23},"end":{"line":29,"column":4}},"loc":{"start":{"line":25,"column":23},"end":{"line":29,"column":4}},"line":25},"3":{"name":"handleFormSubmit","decl":{"start":{"line":31,"column":27},"end":{"line":38,"column":4}},"loc":{"start":{"line":31,"column":27},"end":{"line":38,"column":4}},"line":31},"4":{"name":"handleClearInput","decl":{"start":{"line":40,"column":27},"end":{"line":45,"column":4}},"loc":{"start":{"line":40,"column":27},"end":{"line":45,"column":4}},"line":40}},"f":{"0":5,"1":0,"2":0,"3":0,"4":0}}
,"/Volumes/Azkaban/IT/RS_new-folder/ReactStage/firstReact/src/constants/api.ts": {"path":"/Volumes/Azkaban/IT/RS_new-folder/ReactStage/firstReact/src/constants/api.ts","all":false,"statementMap":{"0":{"start":{"line":1,"column":0},"end":{"line":1,"column":25}},"1":{"start":{"line":2,"column":0},"end":{"line":2,"column":36}},"2":{"start":{"line":3,"column":0},"end":{"line":3,"column":29}},"3":{"start":{"line":4,"column":0},"end":{"line":4,"column":27}},"4":{"start":{"line":5,"column":0},"end":{"line":5,"column":33}},"5":{"start":{"line":6,"column":0},"end":{"line":6,"column":59}},"6":{"start":{"line":7,"column":0},"end":{"line":7,"column":57}},"7":{"start":{"line":8,"column":0},"end":{"line":8,"column":65}},"8":{"start":{"line":9,"column":0},"end":{"line":9,"column":56}},"9":{"start":{"line":10,"column":0},"end":{"line":10,"column":34}},"10":{"start":{"line":11,"column":0},"end":{"line":11,"column":36}},"11":{"start":{"line":12,"column":0},"end":{"line":12,"column":61}}},"s":{"0":1,"1":1,"2":1,"3":1,"4":1,"5":1,"6":1,"7":1,"8":1,"9":1,"10":1,"11":1},"branchMap":{},"b":{},"fnMap":{"0":{"name":"get","decl":{"start":{"line":6,"column":47},"end":{"line":6,"column":59}},"loc":{"start":{"line":6,"column":47},"end":{"line":6,"column":59}},"line":6},"1":{"name":"get","decl":{"start":{"line":7,"column":46},"end":{"line":7,"column":57}},"loc":{"start":{"line":7,"column":46},"end":{"line":7,"column":57}},"line":7},"2":{"name":"get","decl":{"start":{"line":8,"column":50},"end":{"line":8,"column":65}},"loc":{"start":{"line":8,"column":50},"end":{"line":8,"column":65}},"line":8},"3":{"name":"get","decl":{"start":{"line":11,"column":29},"end":{"line":11,"column":36}},"loc":{"start":{"line":11,"column":29},"end":{"line":11,"column":36}},"line":11},"4":{"name":"get","decl":{"start":{"line":12,"column":49},"end":{"line":12,"column":61}},"loc":{"start":{"line":12,"column":49},"end":{"line":12,"column":61}},"line":12}},"f":{"0":0,"1":0,"2":0,"3":0,"4":0}}
,"/Volumes/Azkaban/IT/RS_new-folder/ReactStage/firstReact/src/constants/deafultForm.ts": {"path":"/Volumes/Azkaban/IT/RS_new-folder/ReactStage/firstReact/src/constants/deafultForm.ts","all":false,"statementMap":{"0":{"start":{"line":1,"column":0},"end":{"line":1,"column":22}},"1":{"start":{"line":2,"column":0},"end":{"line":2,"column":15}},"2":{"start":{"line":3,"column":0},"end":{"line":3,"column":12}},"3":{"start":{"line":4,"column":0},"end":{"line":4,"column":13}},"4":{"start":{"line":5,"column":0},"end":{"line":5,"column":16}},"5":{"start":{"line":6,"column":0},"end":{"line":6,"column":12}},"6":{"start":{"line":7,"column":0},"end":{"line":7,"column":18}},"7":{"start":{"line":8,"column":0},"end":{"line":8,"column":17}},"8":{"start":{"line":9,"column":0},"end":{"line":9,"column":2}},"9":{"start":{"line":10,"column":0},"end":{"line":10,"column":0}},"10":{"start":{"line":11,"column":0},"end":{"line":11,"column":31}},"11":{"start":{"line":12,"column":0},"end":{"line":12,"column":16}},"12":{"start":{"line":13,"column":0},"end":{"line":13,"column":24}},"13":{"start":{"line":14,"column":0},"end":{"line":14,"column":24}},"14":{"start":{"line":15,"column":0},"end":{"line":15,"column":20}},"15":{"start":{"line":16,"column":0},"end":{"line":16,"column":18}},"16":{"start":{"line":17,"column":0},"end":{"line":17,"column":24}},"17":{"start":{"line":18,"column":0},"end":{"line":18,"column":20}},"18":{"start":{"line":19,"column":0},"end":{"line":19,"column":21}},"19":{"start":{"line":20,"column":0},"end":{"line":20,"column":23}},"20":{"start":{"line":21,"column":0},"end":{"line":21,"column":14}},"21":{"start":{"line":22,"column":0},"end":{"line":22,"column":38}},"22":{"start":{"line":23,"column":0},"end":{"line":23,"column":38}},"23":{"start":{"line":24,"column":0},"end":{"line":24,"column":38}},"24":{"start":{"line":25,"column":0},"end":{"line":25,"column":38}},"25":{"start":{"line":26,"column":0},"end":{"line":26,"column":38}},"26":{"start":{"line":27,"column":0},"end":{"line":27,"column":38}},"27":{"start":{"line":28,"column":0},"end":{"line":28,"column":38}},"28":{"start":{"line":29,"column":0},"end":{"line":29,"column":39}},"29":{"start":{"line":30,"column":0},"end":{"line":30,"column":39}},"30":{"start":{"line":31,"column":0},"end":{"line":31,"column":39}},"31":{"start":{"line":32,"column":0},"end":{"line":32,"column":4}},"32":{"start":{"line":33,"column":0},"end":{"line":33,"column":10}},"33":{"start":{"line":34,"column":0},"end":{"line":34,"column":37}},"34":{"start":{"line":35,"column":0},"end":{"line":35,"column":37}},"35":{"start":{"line":36,"column":0},"end":{"line":36,"column":37}},"36":{"start":{"line":37,"column":0},"end":{"line":37,"column":37}},"37":{"start":{"line":38,"column":0},"end":{"line":38,"column":37}},"38":{"start":{"line":39,"column":0},"end":{"line":39,"column":4}},"39":{"start":{"line":40,"column":0},"end":{"line":40,"column":41}},"40":{"start":{"line":41,"column":0},"end":{"line":41,"column":40}},"41":{"start":{"line":42,"column":0},"end":{"line":42,"column":42}},"42":{"start":{"line":43,"column":0},"end":{"line":43,"column":2}},"43":{"start":{"line":44,"column":0},"end":{"line":44,"column":0}},"44":{"start":{"line":45,"column":0},"end":{"line":45,"column":28}}},"s":{"0":1,"1":1,"2":1,"3":1,"4":1,"5":1,"6":1,"7":1,"8":1,"9":1,"10":1,"11":1,"12":1,"13":1,"14":1,"15":1,"16":1,"17":1,"18":1,"19":1,"20":1,"21":1,"22":1,"23":1,"24":1,"25":1,"26":1,"27":1,"28":1,"29":1,"30":1,"31":1,"32":1,"33":1,"34":1,"35":1,"36":1,"37":1,"38":1,"39":1,"40":1,"41":1,"42":0,"43":1,"44":1},"branchMap":{},"b":{},"fnMap":{"0":{"name":"get","decl":{"start":{"line":43,"column":0},"end":{"line":43,"column":2}},"loc":{"start":{"line":43,"column":0},"end":{"line":43,"column":2}},"line":43}},"f":{"0":0}}
,"/Volumes/Azkaban/IT/RS_new-folder/ReactStage/firstReact/src/pages/About.tsx": {"path":"/Volumes/Azkaban/IT/RS_new-folder/ReactStage/firstReact/src/pages/About.tsx","all":false,"statementMap":{"0":{"start":{"line":1,"column":0},"end":{"line":1,"column":64}},"1":{"start":{"line":2,"column":0},"end":{"line":2,"column":0}},"2":{"start":{"line":3,"column":0},"end":{"line":3,"column":18}},"3":{"start":{"line":4,"column":0},"end":{"line":4,"column":10}},"4":{"start":{"line":5,"column":0},"end":{"line":5,"column":6}},"5":{"start":{"line":6,"column":0},"end":{"line":6,"column":62}},"6":{"start":{"line":7,"column":0},"end":{"line":7,"column":51}},"7":{"start":{"line":8,"column":0},"end":{"line":8,"column":11}},"8":{"start":{"line":9,"column":0},"end":{"line":9,"column":70}},"9":{"start":{"line":10,"column":0},"end":{"line":10,"column":7}},"10":{"start":{"line":11,"column":0},"end":{"line":11,"column":4}},"11":{"start":{"line":12,"column":0},"end":{"line":12,"column":1}},"12":{"start":{"line":13,"column":0},"end":{"line":13,"column":21}}},"s":{"0":1,"1":1,"2":1,"3":1,"4":1,"5":1,"6":1,"7":1,"8":1,"9":1,"10":1,"11":1,"12":1},"branchMap":{"0":{"type":"branch","line":3,"loc":{"start":{"line":3,"column":0},"end":{"line":12,"column":1}},"locations":[{"start":{"line":3,"column":0},"end":{"line":12,"column":1}}]}},"b":{"0":[1]},"fnMap":{"0":{"name":"About","decl":{"start":{"line":3,"column":0},"end":{"line":12,"column":1}},"loc":{"start":{"line":3,"column":0},"end":{"line":12,"column":1}},"line":3}},"f":{"0":1}}
,"/Volumes/Azkaban/IT/RS_new-folder/ReactStage/firstReact/src/pages/FormPage.tsx": {"path":"/Volumes/Azkaban/IT/RS_new-folder/ReactStage/firstReact/src/pages/FormPage.tsx","all":false,"statementMap":{"0":{"start":{"line":1,"column":0},"end":{"line":1,"column":43}},"1":{"start":{"line":2,"column":0},"end":{"line":2,"column":0}},"2":{"start":{"line":3,"column":0},"end":{"line":3,"column":21}},"3":{"start":{"line":4,"column":0},"end":{"line":4,"column":18}},"4":{"start":{"line":5,"column":0},"end":{"line":5,"column":1}},"5":{"start":{"line":6,"column":0},"end":{"line":6,"column":24}}},"s":{"0":1,"1":1,"2":0,"3":0,"4":0,"5":1},"branchMap":{},"b":{},"fnMap":{"0":{"name":"FormPage","decl":{"start":{"line":3,"column":0},"end":{"line":5,"column":1}},"loc":{"start":{"line":3,"column":0},"end":{"line":5,"column":1}},"line":3}},"f":{"0":0}}
,"/Volumes/Azkaban/IT/RS_new-folder/ReactStage/firstReact/src/pages/Home.tsx": {"path":"/Volumes/Azkaban/IT/RS_new-folder/ReactStage/firstReact/src/pages/Home.tsx","all":false,"statementMap":{"0":{"start":{"line":1,"column":0},"end":{"line":1,"column":44}},"1":{"start":{"line":2,"column":0},"end":{"line":2,"column":37}},"2":{"start":{"line":3,"column":0},"end":{"line":3,"column":55}},"3":{"start":{"line":4,"column":0},"end":{"line":4,"column":58}},"4":{"start":{"line":5,"column":0},"end":{"line":5,"column":0}},"5":{"start":{"line":6,"column":0},"end":{"line":6,"column":49}},"6":{"start":{"line":7,"column":0},"end":{"line":7,"column":61}},"7":{"start":{"line":8,"column":0},"end":{"line":8,"column":68}},"8":{"start":{"line":9,"column":0},"end":{"line":9,"column":57}},"9":{"start":{"line":10,"column":0},"end":{"line":10,"column":46}},"10":{"start":{"line":11,"column":0},"end":{"line":11,"column":46}},"11":{"start":{"line":12,"column":0},"end":{"line":12,"column":47}},"12":{"start":{"line":13,"column":0},"end":{"line":13,"column":77}},"13":{"start":{"line":14,"column":0},"end":{"line":14,"column":37}},"14":{"start":{"line":15,"column":0},"end":{"line":15,"column":0}},"15":{"start":{"line":16,"column":0},"end":{"line":16,"column":17}},"16":{"start":{"line":17,"column":0},"end":{"line":17,"column":51}},"17":{"start":{"line":18,"column":0},"end":{"line":18,"column":66}},"18":{"start":{"line":19,"column":0},"end":{"line":19,"column":30}},"19":{"start":{"line":20,"column":0},"end":{"line":20,"column":5}},"20":{"start":{"line":21,"column":0},"end":{"line":21,"column":55}},"21":{"start":{"line":22,"column":0},"end":{"line":22,"column":48}},"22":{"start":{"line":23,"column":0},"end":{"line":23,"column":53}},"23":{"start":{"line":24,"column":0},"end":{"line":24,"column":41}},"24":{"start":{"line":25,"column":0},"end":{"line":25,"column":33}},"25":{"start":{"line":26,"column":0},"end":{"line":26,"column":33}},"26":{"start":{"line":27,"column":0},"end":{"line":27,"column":53}},"27":{"start":{"line":28,"column":0},"end":{"line":28,"column":4}},"28":{"start":{"line":29,"column":0},"end":{"line":29,"column":49}},"29":{"start":{"line":30,"column":0},"end":{"line":30,"column":64}},"30":{"start":{"line":31,"column":0},"end":{"line":31,"column":4}},"31":{"start":{"line":32,"column":0},"end":{"line":32,"column":52}},"32":{"start":{"line":33,"column":0},"end":{"line":33,"column":61}},"33":{"start":{"line":34,"column":0},"end":{"line":34,"column":4}},"34":{"start":{"line":35,"column":0},"end":{"line":35,"column":38}},"35":{"start":{"line":36,"column":0},"end":{"line":36,"column":54}},"36":{"start":{"line":37,"column":0},"end":{"line":37,"column":4}},"37":{"start":{"line":38,"column":0},"end":{"line":38,"column":23}},"38":{"start":{"line":39,"column":0},"end":{"line":39,"column":48}},"39":{"start":{"line":40,"column":0},"end":{"line":40,"column":61}},"40":{"start":{"line":41,"column":0},"end":{"line":41,"column":12}},"41":{"start":{"line":42,"column":0},"end":{"line":42,"column":0}},"42":{"start":{"line":43,"column":0},"end":{"line":43,"column":19}},"43":{"start":{"line":44,"column":0},"end":{"line":44,"column":32}},"44":{"start":{"line":45,"column":0},"end":{"line":45,"column":45}},"45":{"start":{"line":46,"column":0},"end":{"line":46,"column":24}},"46":{"start":{"line":47,"column":0},"end":{"line":47,"column":29}},"47":{"start":{"line":48,"column":0},"end":{"line":48,"column":22}},"48":{"start":{"line":49,"column":0},"end":{"line":49,"column":18}},"49":{"start":{"line":50,"column":0},"end":{"line":50,"column":66}},"50":{"start":{"line":51,"column":0},"end":{"line":51,"column":64}},"51":{"start":{"line":52,"column":0},"end":{"line":52,"column":51}},"52":{"start":{"line":53,"column":0},"end":{"line":53,"column":23}},"53":{"start":{"line":54,"column":0},"end":{"line":54,"column":42}},"54":{"start":{"line":55,"column":0},"end":{"line":55,"column":53}},"55":{"start":{"line":56,"column":0},"end":{"line":56,"column":23}},"56":{"start":{"line":57,"column":0},"end":{"line":57,"column":16}},"57":{"start":{"line":58,"column":0},"end":{"line":58,"column":44}},"58":{"start":{"line":59,"column":0},"end":{"line":59,"column":9}},"59":{"start":{"line":60,"column":0},"end":{"line":60,"column":8}},"60":{"start":{"line":61,"column":0},"end":{"line":61,"column":43}},"61":{"start":{"line":62,"column":0},"end":{"line":62,"column":19}},"62":{"start":{"line":63,"column":0},"end":{"line":63,"column":0}},"63":{"start":{"line":64,"column":0},"end":{"line":64,"column":19}},"64":{"start":{"line":65,"column":0},"end":{"line":65,"column":36}},"65":{"start":{"line":66,"column":0},"end":{"line":66,"column":48}},"66":{"start":{"line":67,"column":0},"end":{"line":67,"column":35}},"67":{"start":{"line":68,"column":0},"end":{"line":68,"column":26}},"68":{"start":{"line":69,"column":0},"end":{"line":69,"column":56}},"69":{"start":{"line":70,"column":0},"end":{"line":70,"column":12}},"70":{"start":{"line":71,"column":0},"end":{"line":71,"column":24}},"71":{"start":{"line":72,"column":0},"end":{"line":72,"column":46}},"72":{"start":{"line":73,"column":0},"end":{"line":73,"column":33}},"73":{"start":{"line":74,"column":0},"end":{"line":74,"column":13}},"74":{"start":{"line":75,"column":0},"end":{"line":75,"column":7}},"75":{"start":{"line":76,"column":0},"end":{"line":76,"column":7}},"76":{"start":{"line":77,"column":0},"end":{"line":77,"column":29}},"77":{"start":{"line":78,"column":0},"end":{"line":78,"column":22}},
[...]
,"/Volumes/Azkaban/IT/RS_new-folder/ReactStage/firstReact/src/pages/NotFound.tsx": {"path":"/Volumes/Azkaban/IT/RS_new-folder/ReactStage/firstReact/src/pages/NotFound.tsx","all":false,"statementMap":{"0":{"start":{"line":1,"column":0},"end":{"line":1,"column":43}},"1":{"start":{"line":2,"column":0},"end":{"line":2,"column":0}},"2":{"start":{"line":3,"column":0},"end":{"line":3,"column":21}},"3":{"start":{"line":4,"column":0},"end":{"line":4,"column":10}},"4":{"start":{"line":5,"column":0},"end":{"line":5,"column":6}},"5":{"start":{"line":6,"column":0},"end":{"line":6,"column":56}},"6":{"start":{"line":7,"column":0},"end":{"line":7,"column":75}},"7":{"start":{"line":8,"column":0},"end":{"line":8,"column":15}},"8":{"start":{"line":9,"column":0},"end":{"line":9,"column":16}},"9":{"start":{"line":10,"column":0},"end":{"line":10,"column":7}},"10":{"start":{"line":11,"column":0},"end":{"line":11,"column":4}},"11":{"start":{"line":12,"column":0},"end":{"line":12,"column":1}},"12":{"start":{"line":13,"column":0},"end":{"line":13,"column":24}}},"s":{"0":1,"1":1,"2":1,"3":1,"4":1,"5":1,"6":1,"7":1,"8":1,"9":1,"10":1,"11":1,"12":1},"branchMap":{"0":{"type":"branch","line":3,"loc":{"start":{"line":3,"column":0},"end":{"line":12,"column":1}},"locations":[{"start":{"line":3,"column":0},"end":{"line":12,"column":1}}]}},"b":{"0":[1]},"fnMap":{"0":{"name":"NotFound","decl":{"start":{"line":3,"column":0},"end":{"line":12,"column":1}},"loc":{"start":{"line":3,"column":0},"end":{"line":12,"column":1}},"line":3}},"f":{"0":1}}
,"/Volumes/Azkaban/IT/RS_new-folder/ReactStage/firstReact/src/router/Router.tsx": {"path":"/Volumes/Azkaban/IT/RS_new-folder/ReactStage/firstReact/src/router/Router.tsx","all":false,"statementMap":{"0":{"start":{"line":1,"column":0},"end":{"line":1,"column":49}},"1":{"start":{"line":2,"column":0},"end":{"line":2,"column":35}},"2":{"start":{"line":3,"column":0},"end":{"line":3,"column":37}},"3":{"start":{"line":4,"column":0},"end":{"line":4,"column":33}},"4":{"start":{"line":5,"column":0},"end":{"line":5,"column":41}},"5":{"start":{"line":6,"column":0},"end":{"line":6,"column":0}},"6":{"start":{"line":7,"column":0},"end":{"line":7,"column":19}},"7":{"start":{"line":8,"column":0},"end":{"line":8,"column":10}},"8":{"start":{"line":9,"column":0},"end":{"line":9,"column":12}},"9":{"start":{"line":10,"column":0},"end":{"line":10,"column":43}},"10":{"start":{"line":11,"column":0},"end":{"line":11,"column":48}},"11":{"start":{"line":12,"column":0},"end":{"line":12,"column":46}},"12":{"start":{"line":13,"column":0},"end":{"line":13,"column":47}},"13":{"start":{"line":14,"column":0},"end":{"line":14,"column":13}},"14":{"start":{"line":15,"column":0},"end":{"line":15,"column":4}},"15":{"start":{"line":16,"column":0},"end":{"line":16,"column":1}},"16":{"start":{"line":17,"column":0},"end":{"line":17,"column":0}},"17":{"start":{"line":18,"column":0},"end":{"line":18,"column":22}}},"s":{"0":1,"1":1,"2":1,"3":1,"4":1,"5":1,"6":1,"7":1,"8":1,"9":1,"10":1,"11":1,"12":1,"13":1,"14":1,"15":1,"16":1,"17":1},"branchMap":{"0":{"type":"branch","line":7,"loc":{"start":{"line":7,"column":0},"end":{"line":16,"column":1}},"locations":[{"start":{"line":7,"column":0},"end":{"line":16,"column":1}}]}},"b":{"0":[1]},"fnMap":{"0":{"name":"Router","decl":{"start":{"line":7,"column":0},"end":{"line":16,"column":1}},"loc":{"start":{"line":7,"column":0},"end":{"line":16,"column":1}},"line":7}},"f":{"0":1}}
,"/Volumes/Azkaban/IT/RS_new-folder/ReactStage/firstReact/src/store/formSlice.ts": {"path":"/Volumes/Azkaban/IT/RS_new-folder/ReactStage/firstReact/src/store/formSlice.ts","all":false,"statementMap":{"0":{"start":{"line":1,"column":0},"end":{"line":1,"column":38}},"1":{"start":{"line":2,"column":0},"end":{"line":2,"column":47}},"2":{"start":{"line":3,"column":0},"end":{"line":3,"column":47}},"3":{"start":{"line":4,"column":0},"end":{"line":4,"column":0}},"4":{"start":{"line":5,"column":0},"end":{"line":5,"column":28}},"5":{"start":{"line":6,"column":0},"end":{"line":6,"column":27}},"6":{"start":{"line":7,"column":0},"end":{"line":7,"column":18}},"7":{"start":{"line":8,"column":0},"end":{"line":8,"column":1}},"8":{"start":{"line":9,"column":0},"end":{"line":9,"column":0}},"9":{"start":{"line":10,"column":0},"end":{"line":10,"column":31}},"10":{"start":{"line":11,"column":0},"end":{"line":11,"column":20}},"11":{"start":{"line":12,"column":0},"end":{"line":12,"column":13}},"12":{"start":{"line":13,"column":0},"end":{"line":13,"column":17}},"13":{"start":{"line":14,"column":0},"end":{"line":14,"column":14}},"14":{"start":{"line":15,"column":0},"end":{"line":15,"column":15}},"15":{"start":{"line":16,"column":0},"end":{"line":16,"column":18}},"16":{"start":{"line":17,"column":0},"end":{"line":17,"column":14}},"17":{"start":{"line":18,"column":0},"end":{"line":18,"column":20}},"18":{"start":{"line":19,"column":0},"end":{"line":19,"column":19}},"19":{"start":{"line":20,"column":0},"end":{"line":20,"column":4}},"20":{"start":{"line":21,"column":0},"end":{"line":21,"column":2}},"21":{"start":{"line":22,"column":0},"end":{"line":22,"column":0}},"22":{"start":{"line":23,"column":0},"end":{"line":23,"column":31}},"23":{"start":{"line":24,"column":0},"end":{"line":24,"column":15}},"24":{"start":{"line":25,"column":0},"end":{"line":25,"column":27}},"25":{"start":{"line":26,"column":0},"end":{"line":26,"column":13}},"26":{"start":{"line":27,"column":0},"end":{"line":27,"column":36}},"27":{"start":{"line":28,"column":0},"end":{"line":28,"column":47}},"28":{"start":{"line":29,"column":0},"end":{"line":29,"column":6}},"29":{"start":{"line":30,"column":0},"end":{"line":30,"column":32}},"30":{"start":{"line":31,"column":0},"end":{"line":31,"column":47}},"31":{"start":{"line":32,"column":0},"end":{"line":32,"column":6}},"32":{"start":{"line":33,"column":0},"end":{"line":33,"column":29}},"33":{"start":{"line":34,"column":0},"end":{"line":34,"column":44}},"34":{"start":{"line":35,"column":0},"end":{"line":35,"column":6}},"35":{"start":{"line":36,"column":0},"end":{"line":36,"column":30}},"36":{"start":{"line":37,"column":0},"end":{"line":37,"column":45}},"37":{"start":{"line":38,"column":0},"end":{"line":38,"column":6}},"38":{"start":{"line":39,"column":0},"end":{"line":39,"column":33}},"39":{"start":{"line":40,"column":0},"end":{"line":40,"column":48}},"40":{"start":{"line":41,"column":0},"end":{"line":41,"column":6}},"41":{"start":{"line":42,"column":0},"end":{"line":42,"column":29}},"42":{"start":{"line":43,"column":0},"end":{"line":43,"column":44}},"43":{"start":{"line":44,"column":0},"end":{"line":44,"column":6}},"44":{"start":{"line":45,"column":0},"end":{"line":45,"column":32}},"45":{"start":{"line":46,"column":0},"end":{"line":46,"column":47}},"46":{"start":{"line":47,"column":0},"end":{"line":47,"column":6}},"47":{"start":{"line":48,"column":0},"end":{"line":48,"column":34}},"48":{"start":{"line":49,"column":0},"end":{"line":49,"column":49}},"49":{"start":{"line":50,"column":0},"end":{"line":50,"column":6}},"50":{"start":{"line":51,"column":0},"end":{"line":51,"column":4}},"51":{"start":{"line":52,"column":0},"end":{"line":52,"column":3}},"52":{"start":{"line":53,"column":0},"end":{"line":53,"column":0}},"53":{"start":{"line":54,"column":0},"end":{"line":54,"column":14}},"54":{"start":{"line":55,"column":0},"end":{"line":55,"column":18}},"55":{"start":{"line":56,"column":0},"end":{"line":56,"column":14}},"56":{"start":{"line":57,"column":0},"end":{"line":57,"column":11}},"57":{"start":{"line":58,"column":0},"end":{"line":58,"column":12}},"58":{"start":{"line":59,"column":0},"end":{"line":59,"column":15}},"59":{"start":{"line":60,"column":0},"end":{"line":60,"column":11}},"60":{"start":{"line":61,"column":0},"end":{"line":61,"column":14}},"61":{"start":{"line":62,"column":0},"end":{"line":62,"column":16}},"62":{"start":{"line":63,"column":0},"end":{"line":63,"column":22}},"63":{"start":{"line":64,"column":0},"end":{"line":64,"column":33}}},"s":{"0":1,"1":1,"2":1,"3":1,"4":1,"5":1,"6":1,"7":1,"8":1,"9":1,"10":1,"11":1,"12":1,"13":1,"14":1,"15":1,"16":1,"17":1,"18":1,"19":1,"20":1,"21":1,"22":1,"23":1,"24":1,"25":1,"26":1,"27":0,"28":0,"29":1,"30":0,"31":0,"32":1,"33":0,"34":0,"35":1,"36":0,"37":0,"38":1,"39":0,"40":0,"41":1,"42":0,"43":0,"44":1,"45":0,"46":0,"47":1,"48":0,"49":0,"50":1,"51":1,"52":1,"53":1,"54":1,"55":1,"56":1,"57":1,"58":1,"59":1,"60":1,"61":1,"62":1,"63":1},"branchMap":{},"b":{},"fnMap":{"0":{"name":"createNewPerson","decl":{"start":{"line":27,"column":4},"end":{"line":29,"column":6}},"loc":{"start":{"line":27,"column":4},"end":{"line":29,"column":6}},"line":27},"1":{"name":"addFullName","decl":{"start":{"line":30,"column":4},"end":{"line":32,"column":6}},"loc":{"start":{"line":30,"column":4},"end":{"line":32,"column":6}},"line":30},"2":{"name":"addBirth","decl":{"start":{"line":33,"column":4},"end":{"line":35,"column":6}},"loc":{"start":{"line":33,"column":4},"end":{"line":35,"column":6}},"line":33},"3":{"name":"addGender","decl":{"start":{"line":36,"column":4},"end":{"line":38,"column":6}},"loc":{"start":{"line":36,"column":4},"end":{"line":38,"column":6}},"line":36},"4":{"name":"addHomeworld","decl":{"start":{"line":39,"column":4},"end":{"line":41,"column":6}},"loc":{"start":{"line":39,"column":4},"end":{"line":41,"column":6}},"line":39},"5":{"name":"addPhoto","decl":{"start":{"line":42,"column":4},"end":{"line":44,"column":6}},"loc":{"start":{"line":42,"column":4},"end":{"line":44,"column":6}},"line":42},"6":{"name":"addCheckbox","decl":{"start":{"line":45,"column":4},"end":{"line":47,"column":6}},"loc":{"start":{"line":45,"column":4},"end":{"line":47,"column":6}},"line":45},"7":{"name":"addTitlePhoto","decl":{"start":{"line":48,"column":4},"end":{"line":50,"column":6}},"loc":{"start":{"line":48,"column":4},"end":{"line":50,"column":6}},"line":48},"8":{"name":"get","decl":{"start":{"line":63,"column":14},"end":{"line":63,"column":22}},"loc":{"start":{"line":63,"column":14},"end":{"line":63,"column":22}},"line":63}},"f":{"0":0,"1":0,"2":0,"3":0,"4":0,"5":0,"6":0,"7":0,"8":0}}
,"/Volumes/Azkaban/IT/RS_new-folder/ReactStage/firstReact/src/store/personListSlice.ts": {"path":"/Volumes/Azkaban/IT/RS_new-folder/ReactStage/firstReact/src/store/personListSlice.ts","all":false,"statementMap":{"0":{"start":{"line":1,"column":0},"end":{"line":1,"column":38}},"1":{"start":{"line":2,"column":0},"end":{"line":2,"column":47}},"2":{"start":{"line":3,"column":0},"end":{"line":3,"column":0}},"3":{"start":{"line":4,"column":0},"end":{"line":4,"column":40}},"4":{"start":{"line":5,"column":0},"end":{"line":5,"column":24}},"5":{"start":{"line":6,"column":0},"end":{"line":6,"column":17}},"6":{"start":{"line":7,"column":0},"end":{"line":7,"column":26}},"7":{"start":{"line":8,"column":0},"end":{"line":8,"column":23}},"8":{"start":{"line":9,"column":0},"end":{"line":9,"column":4}},"9":{"start":{"line":10,"column":0},"end":{"line":10,"column":13}},"10":{"start":{"line":11,"column":0},"end":{"line":11,"column":38}},"11":{"start":{"line":12,"column":0},"end":{"line":12,"column":47}},"12":{"start":{"line":13,"column":0},"end":{"line":13,"column":6}},"13":{"start":{"line":14,"column":0},"end":{"line":14,"column":35}},"14":{"start":{"line":15,"column":0},"end":{"line":15,"column":44}},"15":{"start":{"line":16,"column":0},"end":{"line":16,"column":6}},"16":{"start":{"line":17,"column":0},"end":{"line":17,"column":4}},"17":{"start":{"line":18,"column":0},"end":{"line":18,"column":3}},"18":{"start":{"line":19,"column":0},"end":{"line":19,"column":0}},"19":{"start":{"line":20,"column":0},"end":{"line":20,"column":80}},"20":{"start":{"line":21,"column":0},"end":{"line":21,"column":42}}},"s":{"0":1,"1":1,"2":1,"3":1,"4":1,"5":1,"6":1,"7":1,"8":1,"9":1,"10":1,"11":0,"12":0,"13":1,"14":0,"15":0,"16":1,"17":1,"18":1,"19":1,"20":1},"branchMap":{},"b":{},"fnMap":{"0":{"name":"personListResults","decl":{"start":{"line":11,"column":4},"end":{"line":13,"column":6}},"loc":{"start":{"line":11,"column":4},"end":{"line":13,"column":6}},"line":11},"1":{"name":"personListFilm","decl":{"start":{"line":14,"column":4},"end":{"line":16,"column":6}},"loc":{"start":{"line":14,"column":4},"end":{"line":16,"column":6}},"line":14},"2":{"name":"get","decl":{"start":{"line":20,"column":72},"end":{"line":20,"column":80}},"loc":{"start":{"line":20,"column":72},"end":{"line":20,"column":80}},"line":20}},"f":{"0":0,"1":0,"2":0}}
,"/Volumes/Azkaban/IT/RS_new-folder/ReactStage/firstReact/src/store/searchSlice.ts": {"path":"/Volumes/Azkaban/IT/RS_new-folder/ReactStage/firstReact/src/store/searchSlice.ts","all":false,"statementMap":{"0":{"start":{"line":1,"column":0},"end":{"line":1,"column":38}},"1":{"start":{"line":2,"column":0},"end":{"line":2,"column":47}},"2":{"start":{"line":3,"column":0},"end":{"line":3,"column":0}},"3":{"start":{"line":4,"column":0},"end":{"line":4,"column":34}},"4":{"start":{"line":5,"column":0},"end":{"line":5,"column":21}},"5":{"start":{"line":6,"column":0},"end":{"line":6,"column":1}},"6":{"start":{"line":7,"column":0},"end":{"line":7,"column":0}},"7":{"start":{"line":8,"column":0},"end":{"line":8,"column":37}},"8":{"start":{"line":9,"column":0},"end":{"line":9,"column":17}},"9":{"start":{"line":10,"column":0},"end":{"line":10,"column":17}},"10":{"start":{"line":11,"column":0},"end":{"line":11,"column":19}},"11":{"start":{"line":12,"column":0},"end":{"line":12,"column":4}},"12":{"start":{"line":13,"column":0},"end":{"line":13,"column":13}},"13":{"start":{"line":14,"column":0},"end":{"line":14,"column":31}},"14":{"start":{"line":15,"column":0},"end":{"line":15,"column":40}},"15":{"start":{"line":16,"column":0},"end":{"line":16,"column":6}},"16":{"start":{"line":17,"column":0},"end":{"line":17,"column":4}},"17":{"start":{"line":18,"column":0},"end":{"line":18,"column":3}},"18":{"start":{"line":19,"column":0},"end":{"line":19,"column":0}},"19":{"start":{"line":20,"column":0},"end":{"line":20,"column":54}},"20":{"start":{"line":21,"column":0},"end":{"line":21,"column":39}}},"s":{"0":1,"1":1,"2":1,"3":1,"4":1,"5":1,"6":1,"7":1,"8":1,"9":1,"10":1,"11":1,"12":1,"13":1,"14":0,"15":0,"16":1,"17":1,"18":1,"19":1,"20":1},"branchMap":{},"b":{},"fnMap":{"0":{"name":"searchText","decl":{"start":{"line":14,"column":4},"end":{"line":16,"column":6}},"loc":{"start":{"line":14,"column":4},"end":{"line":16,"column":6}},"line":14},"1":{"name":"get","decl":{"start":{"line":20,"column":46},"end":{"line":20,"column":54}},"loc":{"start":{"line":20,"column":46},"end":{"line":20,"column":54}},"line":20}},"f":{"0":0,"1":0}}
,"/Volumes/Azkaban/IT/RS_new-folder/ReactStage/firstReact/src/utils/network.ts": {"path":"/Volumes/Azkaban/IT/RS_new-folder/ReactStage/firstReact/src/utils/network.ts","all":false,"statementMap":{"0":{"start":{"line":1,"column":0},"end":{"line":1,"column":68}},"1":{"start":{"line":2,"column":0},"end":{"line":2,"column":0}},"2":{"start":{"line":3,"column":0},"end":{"line":3,"column":30}},"3":{"start":{"line":4,"column":0},"end":{"line":4,"column":13}},"4":{"start":{"line":5,"column":0},"end":{"line":5,"column":77}},"5":{"start":{"line":6,"column":0},"end":{"line":6,"column":7}},"6":{"start":{"line":7,"column":0},"end":{"line":7,"column":38}},"7":{"start":{"line":8,"column":0},"end":{"line":8,"column":47}},"8":{"start":{"line":9,"column":0},"end":{"line":9,"column":16}},"9":{"start":{"line":10,"column":0},"end":{"line":10,"column":15}},"10":{"start":{"line":11,"column":0},"end":{"line":11,"column":17}},"11":{"start":{"line":12,"column":0},"end":{"line":12,"column":3}},"12":{"start":{"line":13,"column":0},"end":{"line":13,"column":1}},"13":{"start":{"line":14,"column":0},"end":{"line":14,"column":34}},"14":{"start":{"line":15,"column":0},"end":{"line":15,"column":15}},"15":{"start":{"line":16,"column":0},"end":{"line":16,"column":45}},"16":{"start":{"line":17,"column":0},"end":{"line":17,"column":7}},"17":{"start":{"line":18,"column":0},"end":{"line":18,"column":39}},"18":{"start":{"line":19,"column":0},"end":{"line":19,"column":30}},"19":{"start":{"line":20,"column":0},"end":{"line":20,"column":35}},"20":{"start":{"line":21,"column":0},"end":{"line":21,"column":24}},"21":{"start":{"line":22,"column":0},"end":{"line":22,"column":8}},"22":{"start":{"line":23,"column":0},"end":{"line":23,"column":6}},"23":{"start":{"line":24,"column":0},"end":{"line":24,"column":20}},"24":{"start":{"line":25,"column":0},"end":{"line":25,"column":15}},"25":{"start":{"line":26,"column":0},"end":{"line":26,"column":17}},"26":{"start":{"line":27,"column":0},"end":{"line":27,"column":3}},"27":{"start":{"line":28,"column":0},"end":{"line":28,"column":1}},"28":{"start":{"line":29,"column":0},"end":{"line":29,"column":0}},"29":{"start":{"line":30,"column":0},"end":{"line":30,"column":30}}},"s":{"0":1,"1":1,"2":1,"3":1,"4":1,"5":1,"6":1,"7":0,"8":0,"9":0,"10":0,"11":0,"12":1,"13":0,"14":0,"15":0,"16":0,"17":0,"18":0,"19":0,"20":0,"21":0,"22":0,"23":0,"24":0,"25":0,"26":0,"27":0,"28":1,"29":1},"branchMap":{"0":{"type":"branch","line":5,"loc":{"start":{"line":5,"column":76},"end":{"line":13,"column":1}},"locations":[{"start":{"line":5,"column":76},"end":{"line":13,"column":1}}]},"1":{"type":"branch","line":7,"loc":{"start":{"line":7,"column":36},"end":{"line":12,"column":3}},"locations":[{"start":{"line":7,"column":36},"end":{"line":12,"column":3}}]}},"b":{"0":[1],"1":[0]},"fnMap":{"0":{"name":"getApiResource","decl":{"start":{"line":5,"column":76},"end":{"line":13,"column":1}},"loc":{"start":{"line":5,"column":76},"end":{"line":13,"column":1}},"line":5},"1":{"name":"makeRequest","decl":{"start":{"line":14,"column":0},"end":{"line":28,"column":1}},"loc":{"start":{"line":14,"column":0},"end":{"line":28,"column":1}},"line":14},"2":{"name":"get","decl":{"start":{"line":28,"column":0},"end":{"line":28,"column":1}},"loc":{"start":{"line":28,"column":0},"end":{"line":28,"column":1}},"line":28}},"f":{"0":1,"1":0,"2":0}}
,"/Volumes/Azkaban/IT/RS_new-folder/ReactStage/firstReact/src/utils/personID.ts": {"path":"/Volumes/Azkaban/IT/RS_new-folder/ReactStage/firstReact/src/utils/personID.ts","all":false,"statementMap":{"0":{"start":{"line":1,"column":0},"end":{"line":1,"column":46}},"1":{"start":{"line":2,"column":0},"end":{"line":2,"column":0}},"2":{"start":{"line":3,"column":0},"end":{"line":3,"column":46}},"3":{"start":{"line":4,"column":0},"end":{"line":4,"column":47}},"4":{"start":{"line":5,"column":0},"end":{"line":5,"column":0}},"5":{"start":{"line":6,"column":0},"end":{"line":6,"column":18}},"6":{"start":{"line":7,"column":0},"end":{"line":7,"column":1}},"7":{"start":{"line":8,"column":0},"end":{"line":8,"column":0}},"8":{"start":{"line":9,"column":0},"end":{"line":9,"column":30}}},"s":{"0":1,"1":1,"2":0,"3":0,"4":0,"5":0,"6":0,"7":1,"8":1},"branchMap":{},"b":{},"fnMap":{"0":{"name":"pickUpPersonID","decl":{"start":{"line":3,"column":0},"end":{"line":7,"column":1}},"loc":{"start":{"line":3,"column":0},"end":{"line":7,"column":1}},"line":3}},"f":{"0":0}}
}
